<?xml version="1.0" encoding="UTF-8"?>
<robot generator="Robot 5.0 (Python 3.6.9 on linux)" generated="20220505 08:42:45.725" rpa="false" schemaversion="3">
<suite id="s1" name="Tretyakov Sergey Final Practice" source="/home/sergey/Документы/GitHub/Tretyakov_Sergey_Final_Practice">
<suite id="s1-s1" name="Test Cases" source="/home/sergey/Документы/GitHub/Tretyakov_Sergey_Final_Practice/test_cases">
<suite id="s1-s1-s1" name="Test Cases" source="/home/sergey/Документы/GitHub/Tretyakov_Sergey_Final_Practice/test_cases/test_cases.robot">
<test id="s1-s1-s1-t1" name="Test Case 19.1" line="289">
<kw name="Log In System And Open Inventory Menu" library="resources" type="SETUP">
<kw name="Open Browser" library="SeleniumLibrary">
<arg>https://inventory.edu-netcracker.com/login.jsp?justRegistered=true</arg>
<arg>chrome</arg>
<doc>Opens a new browser instance to the optional ``url``.</doc>
<msg timestamp="20220505 08:42:45.928" level="INFO">Opening browser 'chrome' to base url 'https://inventory.edu-netcracker.com/login.jsp?justRegistered=true'.</msg>
<status status="PASS" starttime="20220505 08:42:45.928" endtime="20220505 08:42:47.541"/>
</kw>
<kw name="Maximize Browser Window" library="SeleniumLibrary">
<doc>Maximizes current browser window.</doc>
<status status="PASS" starttime="20220505 08:42:47.541" endtime="20220505 08:42:47.647"/>
</kw>
<kw name="Input Text" library="SeleniumLibrary">
<arg>xpath://input[@name='j_username']</arg>
<arg>Ssergexxt1554</arg>
<doc>Types the given ``text`` into the text field identified by ``locator``.</doc>
<msg timestamp="20220505 08:42:47.648" level="INFO">Typing text 'Ssergexxt1554' into text field 'xpath://input[@name='j_username']'.</msg>
<status status="PASS" starttime="20220505 08:42:47.647" endtime="20220505 08:42:47.772"/>
</kw>
<kw name="Input Text" library="SeleniumLibrary">
<arg>xpath://input[@name='j_password']</arg>
<arg>19032001stR+</arg>
<doc>Types the given ``text`` into the text field identified by ``locator``.</doc>
<msg timestamp="20220505 08:42:47.772" level="INFO">Typing text '19032001stR+' into text field 'xpath://input[@name='j_password']'.</msg>
<status status="PASS" starttime="20220505 08:42:47.772" endtime="20220505 08:42:47.908"/>
</kw>
<kw name="Click Button" library="SeleniumLibrary">
<arg>xpath://input[@name='submit']</arg>
<doc>Clicks the button identified by ``locator``.</doc>
<msg timestamp="20220505 08:42:47.908" level="INFO">Clicking button 'xpath://input[@name='submit']'.</msg>
<status status="PASS" starttime="20220505 08:42:47.908" endtime="20220505 08:42:48.312"/>
</kw>
<kw name="Wait Until Location Is" library="SeleniumLibrary">
<arg>https://inventory.edu-netcracker.com/pages/startpage.xhtml</arg>
<doc>Waits until the current URL is ``expected``.</doc>
<status status="PASS" starttime="20220505 08:42:48.312" endtime="20220505 08:42:48.320"/>
</kw>
<kw name="Click Element" library="SeleniumLibrary">
<arg>//div[@id='inventory']/a[contains(text(),'Inventory')]</arg>
<doc>Click the element identified by ``locator``.</doc>
<msg timestamp="20220505 08:42:48.320" level="INFO">Clicking element '//div[@id='inventory']/a[contains(text(),'Inventory')]'.</msg>
<status status="PASS" starttime="20220505 08:42:48.320" endtime="20220505 08:42:48.939"/>
</kw>
<status status="PASS" starttime="20220505 08:42:45.927" endtime="20220505 08:42:48.940"/>
</kw>
<kw name="Check Search Box" library="resources">
<kw name="Go to object" library="resources">
<arg>Country</arg>
<for flavor="IN RANGE">
<var>${index}</var>
<value>${value_list_length}</value>
<iter>
<var name="${index}">0</var>
<kw name="Log" library="BuiltIn">
<arg>${value_list}[${index}]</arg>
<doc>Logs the given message with the given level.</doc>
<msg timestamp="20220505 08:42:48.942" level="INFO">Country</msg>
<status status="PASS" starttime="20220505 08:42:48.941" endtime="20220505 08:42:48.942"/>
</kw>
<if>
<branch type="IF" condition="&quot;${value_list}[${index}]&quot;==&quot;${object}&quot;">
<kw name="Fill Create Object Form" library="resources">
<arg>${value_list}[${index}]</arg>
<if>
<branch type="IF" condition="&quot;${object_type}&quot;==&quot;Country&quot;">
<kw name="Click on create button" library="resources">
<kw name="Wait Until Element Is Enabled" library="SeleniumLibrary">
<arg>xpath://a[contains(text(), 'Create')]</arg>
<doc>Waits until the element ``locator`` is enabled.</doc>
<status status="PASS" starttime="20220505 08:42:48.944" endtime="20220505 08:42:48.976"/>
</kw>
<kw name="Wait Until Element Is Visible" library="SeleniumLibrary">
<arg>xpath://a[contains(text(), 'Create')]</arg>
<doc>Waits until the element ``locator`` is visible.</doc>
<status status="PASS" starttime="20220505 08:42:48.976" endtime="20220505 08:42:48.997"/>
</kw>
<kw name="Scroll Element Into View" library="SeleniumLibrary">
<arg>xpath://a[contains(text(), 'Create')]</arg>
<doc>Scrolls the element identified by ``locator`` into view.</doc>
<status status="PASS" starttime="20220505 08:42:48.997" endtime="20220505 08:42:49.266"/>
</kw>
<kw name="Click Link" library="SeleniumLibrary">
<arg>xpath://a[contains(text(), 'Create')]</arg>
<doc>Clicks a link identified by ``locator``.</doc>
<msg timestamp="20220505 08:42:49.267" level="INFO">Clicking link 'xpath://a[contains(text(), 'Create')]'.</msg>
<status status="PASS" starttime="20220505 08:42:49.266" endtime="20220505 08:42:49.446"/>
</kw>
<kw name="Wait Until Element Is Visible" library="SeleniumLibrary">
<arg>//a[text()='Software Logo']</arg>
<doc>Waits until the element ``locator`` is visible.</doc>
<status status="PASS" starttime="20220505 08:42:49.446" endtime="20220505 08:42:49.482"/>
</kw>
<kw name="Wait Until Element Is Enabled" library="SeleniumLibrary">
<arg>//a[text()='Software Logo']</arg>
<doc>Waits until the element ``locator`` is enabled.</doc>
<status status="PASS" starttime="20220505 08:42:49.483" endtime="20220505 08:42:49.505"/>
</kw>
<status status="PASS" starttime="20220505 08:42:48.944" endtime="20220505 08:42:49.505"/>
</kw>
<kw name="Input Text" library="SeleniumLibrary">
<arg>id:j_idt74:name</arg>
<arg>${random_country}</arg>
<doc>Types the given ``text`` into the text field identified by ``locator``.</doc>
<msg timestamp="20220505 08:42:49.506" level="INFO">Typing text 'Bahrain1999' into text field 'id:j_idt74:name'.</msg>
<status status="PASS" starttime="20220505 08:42:49.505" endtime="20220505 08:42:49.614"/>
</kw>
<kw name="Input Text" library="SeleniumLibrary">
<arg>id:j_idt74:language</arg>
<arg>${random_language}</arg>
<doc>Types the given ``text`` into the text field identified by ``locator``.</doc>
<msg timestamp="20220505 08:42:49.614" level="INFO">Typing text 'Bahrain1999language' into text field 'id:j_idt74:language'.</msg>
<status status="PASS" starttime="20220505 08:42:49.614" endtime="20220505 08:42:49.732"/>
</kw>
<status status="PASS" starttime="20220505 08:42:48.943" endtime="20220505 08:42:49.732"/>
</branch>
<status status="PASS" starttime="20220505 08:42:48.943" endtime="20220505 08:42:49.732"/>
</if>
<if>
<branch type="IF" condition="&quot;${object_type}&quot;==&quot;City&quot;">
<kw name="Click on create button" library="resources">
<status status="NOT RUN" starttime="20220505 08:42:49.733" endtime="20220505 08:42:49.733"/>
</kw>
<kw name="Input Text" library="SeleniumLibrary">
<arg>id:j_idt74:name</arg>
<arg>${random_city}</arg>
<doc>Types the given ``text`` into the text field identified by ``locator``.</doc>
<status status="NOT RUN" starttime="20220505 08:42:49.733" endtime="20220505 08:42:49.733"/>
</kw>
<kw name="Input Text" library="SeleniumLibrary">
<arg>id:j_idt74:population</arg>
<arg>${random_population}</arg>
<doc>Types the given ``text`` into the text field identified by ``locator``.</doc>
<status status="NOT RUN" starttime="20220505 08:42:49.733" endtime="20220505 08:42:49.733"/>
</kw>
<status status="NOT RUN" starttime="20220505 08:42:49.732" endtime="20220505 08:42:49.733"/>
</branch>
<status status="PASS" starttime="20220505 08:42:49.732" endtime="20220505 08:42:49.733"/>
</if>
<if>
<branch type="IF" condition="&quot;${object_type}&quot;==&quot;Building&quot;">
<kw name="Click on create button" library="resources">
<status status="NOT RUN" starttime="20220505 08:42:49.733" endtime="20220505 08:42:49.734"/>
</kw>
<kw name="Input Text" library="SeleniumLibrary">
<arg>id:j_idt74:name</arg>
<arg>${random_building_name}</arg>
<doc>Types the given ``text`` into the text field identified by ``locator``.</doc>
<status status="NOT RUN" starttime="20220505 08:42:49.734" endtime="20220505 08:42:49.734"/>
</kw>
<kw name="Input Text" library="SeleniumLibrary">
<arg>id:j_idt74:streetName</arg>
<arg>${random_street}</arg>
<doc>Types the given ``text`` into the text field identified by ``locator``.</doc>
<status status="NOT RUN" starttime="20220505 08:42:49.734" endtime="20220505 08:42:49.734"/>
</kw>
<kw name="Input Text" library="SeleniumLibrary">
<arg>id:j_idt74:number</arg>
<arg>${random_number}</arg>
<doc>Types the given ``text`` into the text field identified by ``locator``.</doc>
<status status="NOT RUN" starttime="20220505 08:42:49.734" endtime="20220505 08:42:49.734"/>
</kw>
<kw name="Input Text" library="SeleniumLibrary">
<arg>id:j_idt74:square</arg>
<arg>${random_square}</arg>
<doc>Types the given ``text`` into the text field identified by ``locator``.</doc>
<status status="NOT RUN" starttime="20220505 08:42:49.734" endtime="20220505 08:42:49.734"/>
</kw>
<kw name="Click Element" library="SeleniumLibrary">
<arg>id:j_idt74:isconnected</arg>
<doc>Click the element identified by ``locator``.</doc>
<status status="NOT RUN" starttime="20220505 08:42:49.734" endtime="20220505 08:42:49.734"/>
</kw>
<kw name="Wait Until Element Is Enabled" library="SeleniumLibrary">
<arg>xpath://*[text()='Lit']</arg>
<doc>Waits until the element ``locator`` is enabled.</doc>
<status status="NOT RUN" starttime="20220505 08:42:49.734" endtime="20220505 08:42:49.734"/>
</kw>
<kw name="Click Element" library="SeleniumLibrary">
<arg>xpath://*[text()='Lit']</arg>
<doc>Click the element identified by ``locator``.</doc>
<status status="NOT RUN" starttime="20220505 08:42:49.735" endtime="20220505 08:42:49.735"/>
</kw>
<status status="NOT RUN" starttime="20220505 08:42:49.733" endtime="20220505 08:42:49.735"/>
</branch>
<status status="PASS" starttime="20220505 08:42:49.733" endtime="20220505 08:42:49.735"/>
</if>
<if>
<branch type="IF" condition="&quot;${object_type}&quot;==&quot;Floor&quot;">
<kw name="Click on create button" library="resources">
<status status="NOT RUN" starttime="20220505 08:42:49.735" endtime="20220505 08:42:49.735"/>
</kw>
<kw name="Input Text" library="SeleniumLibrary">
<arg>xpath://input[@id='j_idt74:number']</arg>
<arg>${random_number}</arg>
<doc>Types the given ``text`` into the text field identified by ``locator``.</doc>
<status status="NOT RUN" starttime="20220505 08:42:49.735" endtime="20220505 08:42:49.735"/>
</kw>
<kw name="Input Text" library="SeleniumLibrary">
<arg>id:j_idt74:square</arg>
<arg>${random_square}</arg>
<doc>Types the given ``text`` into the text field identified by ``locator``.</doc>
<status status="NOT RUN" starttime="20220505 08:42:49.735" endtime="20220505 08:42:49.735"/>
</kw>
<status status="NOT RUN" starttime="20220505 08:42:49.735" endtime="20220505 08:42:49.735"/>
</branch>
<status status="PASS" starttime="20220505 08:42:49.735" endtime="20220505 08:42:49.736"/>
</if>
<if>
<branch type="IF" condition="&quot;${object_type}&quot;==&quot;Room&quot;">
<kw name="Click on create button" library="resources">
<status status="NOT RUN" starttime="20220505 08:42:49.736" endtime="20220505 08:42:49.736"/>
</kw>
<kw name="Input Text" library="SeleniumLibrary">
<arg>id:j_idt74:name</arg>
<arg>${random_number}</arg>
<doc>Types the given ``text`` into the text field identified by ``locator``.</doc>
<status status="NOT RUN" starttime="20220505 08:42:49.736" endtime="20220505 08:42:49.736"/>
</kw>
<kw name="Input Text" library="SeleniumLibrary">
<arg>id:j_idt74:square</arg>
<arg>${random_square}</arg>
<doc>Types the given ``text`` into the text field identified by ``locator``.</doc>
<status status="NOT RUN" starttime="20220505 08:42:49.736" endtime="20220505 08:42:49.736"/>
</kw>
<status status="NOT RUN" starttime="20220505 08:42:49.736" endtime="20220505 08:42:49.736"/>
</branch>
<status status="PASS" starttime="20220505 08:42:49.736" endtime="20220505 08:42:49.736"/>
</if>
<if>
<branch type="IF" condition="&quot;${object_type}&quot;==&quot;Rack&quot;">
<kw name="Click on create button" library="resources">
<status status="NOT RUN" starttime="20220505 08:42:49.737" endtime="20220505 08:42:49.737"/>
</kw>
<kw name="Input Text" library="SeleniumLibrary">
<arg>id:j_idt74:name</arg>
<arg>${random_room}</arg>
<doc>Types the given ``text`` into the text field identified by ``locator``.</doc>
<status status="NOT RUN" starttime="20220505 08:42:49.737" endtime="20220505 08:42:49.737"/>
</kw>
<kw name="Input Text" library="SeleniumLibrary">
<arg>id:j_idt74:width</arg>
<arg>${random_width}</arg>
<doc>Types the given ``text`` into the text field identified by ``locator``.</doc>
<status status="NOT RUN" starttime="20220505 08:42:49.737" endtime="20220505 08:42:49.737"/>
</kw>
<kw name="Input Text" library="SeleniumLibrary">
<arg>id:j_idt74:length</arg>
<arg>${random_length}</arg>
<doc>Types the given ``text`` into the text field identified by ``locator``.</doc>
<status status="NOT RUN" starttime="20220505 08:42:49.737" endtime="20220505 08:42:49.737"/>
</kw>
<kw name="Input Text" library="SeleniumLibrary">
<arg>id:j_idt74:height</arg>
<arg>${height}</arg>
<doc>Types the given ``text`` into the text field identified by ``locator``.</doc>
<status status="NOT RUN" starttime="20220505 08:42:49.737" endtime="20220505 08:42:49.737"/>
</kw>
<status status="NOT RUN" starttime="20220505 08:42:49.736" endtime="20220505 08:42:49.737"/>
</branch>
<status status="PASS" starttime="20220505 08:42:49.736" endtime="20220505 08:42:49.737"/>
</if>
<if>
<branch type="IF" condition="&quot;${object_type}&quot;==&quot;Device&quot;">
<kw name="Click on create button" library="resources">
<status status="NOT RUN" starttime="20220505 08:42:49.738" endtime="20220505 08:42:49.738"/>
</kw>
<kw name="Input Text" library="SeleniumLibrary">
<arg>id:j_idt74:name</arg>
<arg>${random_smart_phone_name}</arg>
<doc>Types the given ``text`` into the text field identified by ``locator``.</doc>
<status status="NOT RUN" starttime="20220505 08:42:49.738" endtime="20220505 08:42:49.738"/>
</kw>
<kw name="Wait Until Element Is Enabled" library="SeleniumLibrary">
<arg>id:j_idt74:macAddress</arg>
<doc>Waits until the element ``locator`` is enabled.</doc>
<status status="NOT RUN" starttime="20220505 08:42:49.738" endtime="20220505 08:42:49.738"/>
</kw>
<kw name="Input Text" library="SeleniumLibrary">
<arg>id:j_idt74:macAddress</arg>
<arg>${random_mac_address}</arg>
<doc>Types the given ``text`` into the text field identified by ``locator``.</doc>
<status status="NOT RUN" starttime="20220505 08:42:49.738" endtime="20220505 08:42:49.738"/>
</kw>
<kw name="Input Text" library="SeleniumLibrary">
<arg>id:j_idt74:ram</arg>
<arg>${ram}</arg>
<doc>Types the given ``text`` into the text field identified by ``locator``.</doc>
<status status="NOT RUN" starttime="20220505 08:42:49.738" endtime="20220505 08:42:49.738"/>
</kw>
<kw name="Input Text" library="SeleniumLibrary">
<arg>id:j_idt74:cpu</arg>
<arg>${cpu}</arg>
<doc>Types the given ``text`` into the text field identified by ``locator``.</doc>
<status status="NOT RUN" starttime="20220505 08:42:49.738" endtime="20220505 08:42:49.739"/>
</kw>
<kw name="Input Text" library="SeleniumLibrary">
<arg>id:j_idt74:ipAddress</arg>
<arg>${random_ip_address}</arg>
<doc>Types the given ``text`` into the text field identified by ``locator``.</doc>
<status status="NOT RUN" starttime="20220505 08:42:49.739" endtime="20220505 08:42:49.739"/>
</kw>
<kw name="Input Text" library="SeleniumLibrary">
<arg>id:j_idt74:width</arg>
<arg>${random_width}</arg>
<doc>Types the given ``text`` into the text field identified by ``locator``.</doc>
<status status="NOT RUN" starttime="20220505 08:42:49.739" endtime="20220505 08:42:49.739"/>
</kw>
<kw name="Input Text" library="SeleniumLibrary">
<arg>id:j_idt74:length</arg>
<arg>${random_length}</arg>
<doc>Types the given ``text`` into the text field identified by ``locator``.</doc>
<status status="NOT RUN" starttime="20220505 08:42:49.740" endtime="20220505 08:42:49.740"/>
</kw>
<kw name="Input Text" library="SeleniumLibrary">
<arg>id:j_idt74:height</arg>
<arg>${random_heigth}</arg>
<doc>Types the given ``text`` into the text field identified by ``locator``.</doc>
<status status="NOT RUN" starttime="20220505 08:42:49.740" endtime="20220505 08:42:49.740"/>
</kw>
<kw name="Click Link" library="SeleniumLibrary">
<arg>xpath://input[@id='j_idt74:locatedInOtName']/following::a[1]</arg>
<doc>Clicks a link identified by ``locator``.</doc>
<status status="NOT RUN" starttime="20220505 08:42:49.740" endtime="20220505 08:42:49.740"/>
</kw>
<kw name="Work with navigation tree" library="resources">
<status status="NOT RUN" starttime="20220505 08:42:49.740" endtime="20220505 08:42:49.741"/>
</kw>
<kw name="Click Link" library="SeleniumLibrary">
<arg>xpath://input[@id='j_idt74:locatedInOtName']/following::a[2]</arg>
<doc>Clicks a link identified by ``locator``.</doc>
<status status="NOT RUN" starttime="20220505 08:42:49.741" endtime="20220505 08:42:49.741"/>
</kw>
<kw name="Work with navigation tree" library="resources">
<status status="NOT RUN" starttime="20220505 08:42:49.741" endtime="20220505 08:42:49.741"/>
</kw>
<status status="NOT RUN" starttime="20220505 08:42:49.737" endtime="20220505 08:42:49.741"/>
</branch>
<status status="PASS" starttime="20220505 08:42:49.737" endtime="20220505 08:42:49.741"/>
</if>
<if>
<branch type="IF" condition="&quot;${object_type}&quot;==&quot;Post terminal&quot;">
<kw name="Click on create button" library="resources">
<status status="NOT RUN" starttime="20220505 08:42:49.741" endtime="20220505 08:42:49.741"/>
</kw>
<kw name="Input Text" library="SeleniumLibrary">
<arg>id:j_idt74:name</arg>
<arg>${random_terminal_name}</arg>
<doc>Types the given ``text`` into the text field identified by ``locator``.</doc>
<status status="NOT RUN" starttime="20220505 08:42:49.742" endtime="20220505 08:42:49.742"/>
</kw>
<kw name="Input Text" library="SeleniumLibrary">
<arg>id:j_idt74:width</arg>
<arg>${random_width}</arg>
<doc>Types the given ``text`` into the text field identified by ``locator``.</doc>
<status status="NOT RUN" starttime="20220505 08:42:49.742" endtime="20220505 08:42:49.742"/>
</kw>
<kw name="Input Text" library="SeleniumLibrary">
<arg>id:j_idt74:length</arg>
<arg>${random_length}</arg>
<doc>Types the given ``text`` into the text field identified by ``locator``.</doc>
<status status="NOT RUN" starttime="20220505 08:42:49.742" endtime="20220505 08:42:49.742"/>
</kw>
<kw name="Input Text" library="SeleniumLibrary">
<arg>id:j_idt74:height</arg>
<arg>${random_heigth}</arg>
<doc>Types the given ``text`` into the text field identified by ``locator``.</doc>
<status status="NOT RUN" starttime="20220505 08:42:49.742" endtime="20220505 08:42:49.742"/>
</kw>
<kw name="Click Element" library="SeleniumLibrary">
<arg>id:j_idt74:physicalStatus</arg>
<doc>Click the element identified by ``locator``.</doc>
<status status="NOT RUN" starttime="20220505 08:42:49.742" endtime="20220505 08:42:49.742"/>
</kw>
<kw name="Wait Until Element Is Enabled" library="SeleniumLibrary">
<arg>xpath://option[text()='Planned']</arg>
<doc>Waits until the element ``locator`` is enabled.</doc>
<status status="NOT RUN" starttime="20220505 08:42:49.742" endtime="20220505 08:42:49.742"/>
</kw>
<kw name="Click Element" library="SeleniumLibrary">
<arg>xpath://option[text()='Planned']</arg>
<doc>Click the element identified by ``locator``.</doc>
<status status="NOT RUN" starttime="20220505 08:42:49.742" endtime="20220505 08:42:49.742"/>
</kw>
<kw name="Click Link" library="SeleniumLibrary">
<arg>xpath://input[@id='j_idt74:locatedInOtName']/following::a[1]</arg>
<doc>Clicks a link identified by ``locator``.</doc>
<status status="NOT RUN" starttime="20220505 08:42:49.743" endtime="20220505 08:42:49.743"/>
</kw>
<kw name="Work with navigation tree" library="resources">
<status status="NOT RUN" starttime="20220505 08:42:49.743" endtime="20220505 08:42:49.743"/>
</kw>
<status status="NOT RUN" starttime="20220505 08:42:49.741" endtime="20220505 08:42:49.743"/>
</branch>
<status status="PASS" starttime="20220505 08:42:49.741" endtime="20220505 08:42:49.743"/>
</if>
<if>
<branch type="IF" condition="&quot;${object_type}&quot;==&quot;Pay Box&quot;">
<kw name="Click on create button" library="resources">
<status status="NOT RUN" starttime="20220505 08:42:49.743" endtime="20220505 08:42:49.743"/>
</kw>
<kw name="Input Text" library="SeleniumLibrary">
<arg>id:j_idt74:name</arg>
<arg>${random_terminal_name}</arg>
<doc>Types the given ``text`` into the text field identified by ``locator``.</doc>
<status status="NOT RUN" starttime="20220505 08:42:49.743" endtime="20220505 08:42:49.743"/>
</kw>
<kw name="Input Text" library="SeleniumLibrary">
<arg>id:j_idt74:secureProtocol</arg>
<arg>${random_secure_protocol}</arg>
<doc>Types the given ``text`` into the text field identified by ``locator``.</doc>
<status status="NOT RUN" starttime="20220505 08:42:49.743" endtime="20220505 08:42:49.744"/>
</kw>
<kw name="Input Text" library="SeleniumLibrary">
<arg>id:j_idt74:displaySize</arg>
<arg>${display_size}</arg>
<doc>Types the given ``text`` into the text field identified by ``locator``.</doc>
<status status="NOT RUN" starttime="20220505 08:42:49.744" endtime="20220505 08:42:49.744"/>
</kw>
<kw name="Click Element" library="SeleniumLibrary">
<arg>id:j_idt74:physicalStatus</arg>
<doc>Click the element identified by ``locator``.</doc>
<status status="NOT RUN" starttime="20220505 08:42:49.744" endtime="20220505 08:42:49.744"/>
</kw>
<kw name="Wait Until Element Is Enabled" library="SeleniumLibrary">
<arg>//option[text()='Planned']</arg>
<doc>Waits until the element ``locator`` is enabled.</doc>
<status status="NOT RUN" starttime="20220505 08:42:49.744" endtime="20220505 08:42:49.744"/>
</kw>
<kw name="Click Link" library="SeleniumLibrary">
<arg>xpath://input[@id='j_idt74:locatedInOtName']/following::a[1]</arg>
<doc>Clicks a link identified by ``locator``.</doc>
<status status="NOT RUN" starttime="20220505 08:42:49.744" endtime="20220505 08:42:49.744"/>
</kw>
<kw name="Work with navigation tree" library="resources">
<status status="NOT RUN" starttime="20220505 08:42:49.744" endtime="20220505 08:42:49.744"/>
</kw>
<status status="NOT RUN" starttime="20220505 08:42:49.743" endtime="20220505 08:42:49.744"/>
</branch>
<status status="PASS" starttime="20220505 08:42:49.743" endtime="20220505 08:42:49.744"/>
</if>
<if>
<branch type="IF" condition="&quot;${object_type}&quot;==&quot;ATM&quot;">
<kw name="Click on create button" library="resources">
<status status="NOT RUN" starttime="20220505 08:42:49.745" endtime="20220505 08:42:49.745"/>
</kw>
<kw name="Input Text" library="SeleniumLibrary">
<arg>id:j_idt74:name</arg>
<arg>${random_terminal_name}</arg>
<doc>Types the given ``text`` into the text field identified by ``locator``.</doc>
<status status="NOT RUN" starttime="20220505 08:42:49.745" endtime="20220505 08:42:49.745"/>
</kw>
<kw name="Input Text" library="SeleniumLibrary">
<arg>id:j_idt74:connectionType</arg>
<arg>${connection_type}</arg>
<doc>Types the given ``text`` into the text field identified by ``locator``.</doc>
<status status="NOT RUN" starttime="20220505 08:42:49.745" endtime="20220505 08:42:49.745"/>
</kw>
<kw name="Input Text" library="SeleniumLibrary">
<arg>id:j_idt74:extraSecurity</arg>
<arg>${extra_security}</arg>
<doc>Types the given ``text`` into the text field identified by ``locator``.</doc>
<status status="NOT RUN" starttime="20220505 08:42:49.745" endtime="20220505 08:42:49.745"/>
</kw>
<kw name="Click Element" library="SeleniumLibrary">
<arg>id:j_idt74:physicalStatus</arg>
<doc>Click the element identified by ``locator``.</doc>
<status status="NOT RUN" starttime="20220505 08:42:49.745" endtime="20220505 08:42:49.745"/>
</kw>
<kw name="Wait Until Element Is Enabled" library="SeleniumLibrary">
<arg>//option[text()='Planned']</arg>
<doc>Waits until the element ``locator`` is enabled.</doc>
<status status="NOT RUN" starttime="20220505 08:42:49.745" endtime="20220505 08:42:49.745"/>
</kw>
<kw name="Click Link" library="SeleniumLibrary">
<arg>xpath://input[@id='j_idt74:locatedInOtName']/following::a[1]</arg>
<doc>Clicks a link identified by ``locator``.</doc>
<status status="NOT RUN" starttime="20220505 08:42:49.745" endtime="20220505 08:42:49.746"/>
</kw>
<kw name="Work with navigation tree" library="resources">
<status status="NOT RUN" starttime="20220505 08:42:49.746" endtime="20220505 08:42:49.746"/>
</kw>
<status status="NOT RUN" starttime="20220505 08:42:49.745" endtime="20220505 08:42:49.746"/>
</branch>
<status status="PASS" starttime="20220505 08:42:49.744" endtime="20220505 08:42:49.746"/>
</if>
<status status="PASS" starttime="20220505 08:42:48.943" endtime="20220505 08:42:49.746"/>
</kw>
<break>
<status status="PASS" starttime="20220505 08:42:49.746" endtime="20220505 08:42:49.746"/>
</break>
<status status="PASS" starttime="20220505 08:42:48.942" endtime="20220505 08:42:49.746"/>
</branch>
<branch type="ELSE">
<kw name="Fill Create Object Form" library="resources">
<arg>${value_list}[${index}]</arg>
<status status="NOT RUN" starttime="20220505 08:42:49.746" endtime="20220505 08:42:49.746"/>
</kw>
<kw name="Click to save button" library="resources">
<status status="NOT RUN" starttime="20220505 08:42:49.746" endtime="20220505 08:42:49.747"/>
</kw>
<if>
<branch type="IF" condition="&quot;${value_list}[${index}]&quot;==&quot;Rack&quot;">
<kw name="Get Index From List" library="Collections">
<var>${index2}</var>
<arg>${value_list}</arg>
<arg>${object}</arg>
<doc>Returns the index of the first occurrence of the ``value`` on the list.</doc>
<status status="NOT RUN" starttime="20220505 08:42:49.747" endtime="20220505 08:42:49.747"/>
</kw>
<kw name="Catenate" library="BuiltIn">
<var>${g}</var>
<arg>xpath://a[contains(text(), '${value_list2}[${index2}]')]</arg>
<doc>Catenates the given items together and returns the resulted string.</doc>
<status status="NOT RUN" starttime="20220505 08:42:49.747" endtime="20220505 08:42:49.747"/>
</kw>
<kw name="Wait Until Element Is Enabled" library="SeleniumLibrary">
<arg>${g}</arg>
<doc>Waits until the element ``locator`` is enabled.</doc>
<status status="NOT RUN" starttime="20220505 08:42:49.747" endtime="20220505 08:42:49.747"/>
</kw>
<kw name="Click Element" library="SeleniumLibrary">
<arg>${g}</arg>
<doc>Click the element identified by ``locator``.</doc>
<status status="NOT RUN" starttime="20220505 08:42:49.747" endtime="20220505 08:42:49.747"/>
</kw>
<kw name="Log" library="BuiltIn">
<arg>${index2}</arg>
<doc>Logs the given message with the given level.</doc>
<status status="NOT RUN" starttime="20220505 08:42:49.747" endtime="20220505 08:42:49.747"/>
</kw>
<kw name="Log" library="BuiltIn">
<arg>${object}</arg>
<doc>Logs the given message with the given level.</doc>
<status status="NOT RUN" starttime="20220505 08:42:49.747" endtime="20220505 08:42:49.748"/>
</kw>
<kw name="Log" library="BuiltIn">
<arg>${value_list}[${index2}]</arg>
<doc>Logs the given message with the given level.</doc>
<status status="NOT RUN" starttime="20220505 08:42:49.748" endtime="20220505 08:42:49.748"/>
</kw>
<kw name="Fill Create Object Form" library="resources">
<arg>${value_list}[${index2}]</arg>
<status status="NOT RUN" starttime="20220505 08:42:49.748" endtime="20220505 08:42:49.748"/>
</kw>
<break>
<status status="NOT RUN" starttime="20220505 08:42:49.748" endtime="20220505 08:42:49.748"/>
</break>
<status status="NOT RUN" starttime="20220505 08:42:49.747" endtime="20220505 08:42:49.748"/>
</branch>
<status status="NOT RUN" starttime="20220505 08:42:49.747" endtime="20220505 08:42:49.748"/>
</if>
<kw name="Evaluate" library="BuiltIn">
<var>${ind}</var>
<arg>int(${index})+int(${one})</arg>
<doc>Evaluates the given expression in Python and returns the result.</doc>
<status status="NOT RUN" starttime="20220505 08:42:49.748" endtime="20220505 08:42:49.748"/>
</kw>
<kw name="Catenate" library="BuiltIn">
<var>${g}</var>
<arg>xpath://a[contains(text(), '${value_list2}[${ind}]')]</arg>
<doc>Catenates the given items together and returns the resulted string.</doc>
<status status="NOT RUN" starttime="20220505 08:42:49.748" endtime="20220505 08:42:49.748"/>
</kw>
<kw name="Wait Until Element Is Enabled" library="SeleniumLibrary">
<arg>${g}</arg>
<doc>Waits until the element ``locator`` is enabled.</doc>
<status status="NOT RUN" starttime="20220505 08:42:49.748" endtime="20220505 08:42:49.748"/>
</kw>
<kw name="Click Element" library="SeleniumLibrary">
<arg>${g}</arg>
<doc>Click the element identified by ``locator``.</doc>
<status status="NOT RUN" starttime="20220505 08:42:49.749" endtime="20220505 08:42:49.749"/>
</kw>
<status status="NOT RUN" starttime="20220505 08:42:49.746" endtime="20220505 08:42:49.749"/>
</branch>
<status status="PASS" starttime="20220505 08:42:48.942" endtime="20220505 08:42:49.749"/>
</if>
<status status="PASS" starttime="20220505 08:42:48.941" endtime="20220505 08:42:49.749"/>
</iter>
<status status="PASS" starttime="20220505 08:42:48.941" endtime="20220505 08:42:49.749"/>
</for>
<status status="PASS" starttime="20220505 08:42:48.940" endtime="20220505 08:42:49.749"/>
</kw>
<kw name="Click to save button" library="resources">
<kw name="Click Button" library="SeleniumLibrary">
<arg>name:j_idt74:j_idt76</arg>
<doc>Clicks the button identified by ``locator``.</doc>
<msg timestamp="20220505 08:42:49.751" level="INFO">Clicking button 'name:j_idt74:j_idt76'.</msg>
<status status="PASS" starttime="20220505 08:42:49.750" endtime="20220505 08:42:50.030"/>
</kw>
<status status="PASS" starttime="20220505 08:42:49.749" endtime="20220505 08:42:50.031"/>
</kw>
<kw name="Get Text" library="SeleniumLibrary">
<var>${text}</var>
<arg>//div[@id='table_data']//*[contains(text(), 'Name')]/following-sibling::*[@class='parameter']</arg>
<doc>Returns the text value of the element identified by ``locator``.</doc>
<msg timestamp="20220505 08:42:50.059" level="INFO">${text} = Bahrain1999</msg>
<status status="PASS" starttime="20220505 08:42:50.031" endtime="20220505 08:42:50.059"/>
</kw>
<kw name="Log" library="BuiltIn">
<arg>${text}</arg>
<doc>Logs the given message with the given level.</doc>
<msg timestamp="20220505 08:42:50.060" level="INFO">Bahrain1999</msg>
<status status="PASS" starttime="20220505 08:42:50.059" endtime="20220505 08:42:50.060"/>
</kw>
<kw name="Input Text" library="SeleniumLibrary">
<arg>id:search-text-input</arg>
<arg>${text}</arg>
<doc>Types the given ``text`` into the text field identified by ``locator``.</doc>
<msg timestamp="20220505 08:42:50.060" level="INFO">Typing text 'Bahrain1999' into text field 'id:search-text-input'.</msg>
<status status="PASS" starttime="20220505 08:42:50.060" endtime="20220505 08:42:50.170"/>
</kw>
<kw name="Press Keys" library="SeleniumLibrary">
<arg>id:search-text-input</arg>
<arg>ENTER</arg>
<doc>Simulates the user pressing key(s) to an element or on the active browser.</doc>
<msg timestamp="20220505 08:42:50.171" level="INFO">Sending key(s) ('ENTER',) to id:search-text-input element.</msg>
<msg timestamp="20220505 08:42:50.440" level="INFO">Pressing special key ENTER to element.</msg>
<msg timestamp="20220505 08:42:50.441" level="INFO">Releasing special key ENTER.</msg>
<status status="PASS" starttime="20220505 08:42:50.170" endtime="20220505 08:42:50.605"/>
</kw>
<kw name="Wait Until Element Is Enabled" library="SeleniumLibrary">
<arg>xpath://select[@name='search_form:j_idt69']</arg>
<doc>Waits until the element ``locator`` is enabled.</doc>
<status status="PASS" starttime="20220505 08:42:50.605" endtime="20220505 08:42:50.640"/>
</kw>
<kw name="Click Element" library="SeleniumLibrary">
<arg>xpath://select[@name='search_form:j_idt69']</arg>
<doc>Click the element identified by ``locator``.</doc>
<msg timestamp="20220505 08:42:50.641" level="INFO">Clicking element 'xpath://select[@name='search_form:j_idt69']'.</msg>
<status status="PASS" starttime="20220505 08:42:50.640" endtime="20220505 08:42:50.701"/>
</kw>
<kw name="Click Element" library="SeleniumLibrary">
<arg>xpath://option[text()='equal']</arg>
<doc>Click the element identified by ``locator``.</doc>
<msg timestamp="20220505 08:42:50.702" level="INFO">Clicking element 'xpath://option[text()='equal']'.</msg>
<status status="PASS" starttime="20220505 08:42:50.701" endtime="20220505 08:42:50.737"/>
</kw>
<kw name="Input Text" library="SeleniumLibrary">
<arg>id:search_form:name</arg>
<arg>${text}</arg>
<doc>Types the given ``text`` into the text field identified by ``locator``.</doc>
<msg timestamp="20220505 08:42:50.738" level="INFO">Typing text 'Bahrain1999' into text field 'id:search_form:name'.</msg>
<status status="PASS" starttime="20220505 08:42:50.737" endtime="20220505 08:42:50.860"/>
</kw>
<kw name="Check response data" library="resources">
<arg>${text}</arg>
<arg>equals</arg>
<kw name="Click Button" library="SeleniumLibrary">
<arg>xpath://input[@name='search_form:j_idt77']</arg>
<doc>Clicks the button identified by ``locator``.</doc>
<msg timestamp="20220505 08:42:50.861" level="INFO">Clicking button 'xpath://input[@name='search_form:j_idt77']'.</msg>
<status status="PASS" starttime="20220505 08:42:50.860" endtime="20220505 08:42:51.047"/>
</kw>
<kw name="Get Text" library="SeleniumLibrary">
<var>${no_result_text}</var>
<arg>xpath://*[@id="j_idt80_data"]//td[1]</arg>
<doc>Returns the text value of the element identified by ``locator``.</doc>
<msg timestamp="20220505 08:42:51.076" level="INFO">${no_result_text} = Bahrain1999</msg>
<status status="PASS" starttime="20220505 08:42:51.048" endtime="20220505 08:42:51.076"/>
</kw>
<if>
<branch type="IF" condition="&quot;${no_result_text}&quot;==&quot;No records found.&quot;">
<kw name="Fail" library="BuiltIn">
<arg>No results for created object</arg>
<doc>Fails the test with the given message and optionally alters its tags.</doc>
<status status="NOT RUN" starttime="20220505 08:42:51.077" endtime="20220505 08:42:51.077"/>
</kw>
<status status="NOT RUN" starttime="20220505 08:42:51.076" endtime="20220505 08:42:51.077"/>
</branch>
<branch type="ELSE">
<kw name="Get Element Count" library="SeleniumLibrary">
<var>${count_results}</var>
<arg>xpath://*[@id="j_idt80_data"]//td[1]</arg>
<doc>Returns the number of elements matching ``locator``.</doc>
<msg timestamp="20220505 08:42:51.084" level="INFO">${count_results} = 1</msg>
<status status="PASS" starttime="20220505 08:42:51.077" endtime="20220505 08:42:51.084"/>
</kw>
<while condition="${one} != ${count_results}">
<iter>
<kw name="Catenate" library="BuiltIn">
<var>${xpath_request}</var>
<arg>xpath:(//*[@id="j_idt80_data"]//td[1])[${one}]</arg>
<doc>Catenates the given items together and returns the resulted string.</doc>
<status status="NOT RUN" starttime="20220505 08:42:51.084" endtime="20220505 08:42:51.084"/>
</kw>
<kw name="Get Text" library="SeleniumLibrary">
<var>${text_result}</var>
<arg>${xpath_request}</arg>
<doc>Returns the text value of the element identified by ``locator``.</doc>
<status status="NOT RUN" starttime="20220505 08:42:51.084" endtime="20220505 08:42:51.085"/>
</kw>
<if>
<branch type="IF" condition="&quot;${type}&quot;==&quot;equals&quot;">
<kw name="Log" library="BuiltIn">
<arg>${one}</arg>
<doc>Logs the given message with the given level.</doc>
<status status="NOT RUN" starttime="20220505 08:42:51.085" endtime="20220505 08:42:51.085"/>
</kw>
<kw name="Log" library="BuiltIn">
<arg>${text}</arg>
<doc>Logs the given message with the given level.</doc>
<status status="NOT RUN" starttime="20220505 08:42:51.085" endtime="20220505 08:42:51.085"/>
</kw>
<kw name="Log" library="BuiltIn">
<arg>${text_result}</arg>
<doc>Logs the given message with the given level.</doc>
<status status="NOT RUN" starttime="20220505 08:42:51.086" endtime="20220505 08:42:51.086"/>
</kw>
<if>
<branch type="IF" condition="&quot;${text}&quot;==&quot;${text_result}&quot;">
<kw name="Evaluate" library="BuiltIn">
<var>${one}</var>
<arg>${one} + 1</arg>
<doc>Evaluates the given expression in Python and returns the result.</doc>
<status status="NOT RUN" starttime="20220505 08:42:51.086" endtime="20220505 08:42:51.086"/>
</kw>
<kw name="Continue For Loop" library="BuiltIn">
<doc>Skips the current FOR loop iteration and continues from the next.</doc>
<status status="NOT RUN" starttime="20220505 08:42:51.086" endtime="20220505 08:42:51.086"/>
</kw>
<status status="NOT RUN" starttime="20220505 08:42:51.086" endtime="20220505 08:42:51.086"/>
</branch>
<branch type="ELSE">
<kw name="Fail" library="BuiltIn">
<arg>Search result does not match the equals requirement</arg>
<doc>Fails the test with the given message and optionally alters its tags.</doc>
<status status="NOT RUN" starttime="20220505 08:42:51.086" endtime="20220505 08:42:51.086"/>
</kw>
<break>
<status status="NOT RUN" starttime="20220505 08:42:51.086" endtime="20220505 08:42:51.086"/>
</break>
<status status="NOT RUN" starttime="20220505 08:42:51.086" endtime="20220505 08:42:51.087"/>
</branch>
<status status="NOT RUN" starttime="20220505 08:42:51.086" endtime="20220505 08:42:51.087"/>
</if>
<kw name="Pass Execution" library="BuiltIn">
<arg>All results are equal to query</arg>
<doc>Skips rest of the current test, setup, or teardown with PASS status.</doc>
<status status="NOT RUN" starttime="20220505 08:42:51.087" endtime="20220505 08:42:51.087"/>
</kw>
<status status="NOT RUN" starttime="20220505 08:42:51.085" endtime="20220505 08:42:51.087"/>
</branch>
<status status="NOT RUN" starttime="20220505 08:42:51.085" endtime="20220505 08:42:51.087"/>
</if>
<if>
<branch type="IF" condition="&quot;${type}&quot;==&quot;contains&quot;">
<kw name="Result Contains" library="variables">
<var>${bool_value}</var>
<arg>${text_result}</arg>
<arg>${text}</arg>
<status status="NOT RUN" starttime="20220505 08:42:51.087" endtime="20220505 08:42:51.087"/>
</kw>
<kw name="Log" library="BuiltIn">
<arg>${one}</arg>
<doc>Logs the given message with the given level.</doc>
<status status="NOT RUN" starttime="20220505 08:42:51.087" endtime="20220505 08:42:51.087"/>
</kw>
<kw name="Log" library="BuiltIn">
<arg>${text}</arg>
<doc>Logs the given message with the given level.</doc>
<status status="NOT RUN" starttime="20220505 08:42:51.087" endtime="20220505 08:42:51.088"/>
</kw>
<kw name="Log" library="BuiltIn">
<arg>${text_result}</arg>
<doc>Logs the given message with the given level.</doc>
<status status="NOT RUN" starttime="20220505 08:42:51.088" endtime="20220505 08:42:51.088"/>
</kw>
<if>
<branch type="IF" condition="${bool_value}">
<kw name="Evaluate" library="BuiltIn">
<var>${one}</var>
<arg>${one} + 1</arg>
<doc>Evaluates the given expression in Python and returns the result.</doc>
<status status="NOT RUN" starttime="20220505 08:42:51.088" endtime="20220505 08:42:51.088"/>
</kw>
<kw name="Continue For Loop" library="BuiltIn">
<doc>Skips the current FOR loop iteration and continues from the next.</doc>
<status status="NOT RUN" starttime="20220505 08:42:51.088" endtime="20220505 08:42:51.088"/>
</kw>
<status status="NOT RUN" starttime="20220505 08:42:51.088" endtime="20220505 08:42:51.088"/>
</branch>
<branch type="ELSE">
<kw name="Fail" library="BuiltIn">
<arg>Search result does not match the equals requirement</arg>
<doc>Fails the test with the given message and optionally alters its tags.</doc>
<status status="NOT RUN" starttime="20220505 08:42:51.088" endtime="20220505 08:42:51.089"/>
</kw>
<break>
<status status="NOT RUN" starttime="20220505 08:42:51.089" endtime="20220505 08:42:51.089"/>
</break>
<status status="NOT RUN" starttime="20220505 08:42:51.088" endtime="20220505 08:42:51.089"/>
</branch>
<status status="NOT RUN" starttime="20220505 08:42:51.088" endtime="20220505 08:42:51.089"/>
</if>
<kw name="Pass Execution" library="BuiltIn">
<arg>All results are equal to query</arg>
<doc>Skips rest of the current test, setup, or teardown with PASS status.</doc>
<status status="NOT RUN" starttime="20220505 08:42:51.089" endtime="20220505 08:42:51.089"/>
</kw>
<status status="NOT RUN" starttime="20220505 08:42:51.087" endtime="20220505 08:42:51.089"/>
</branch>
<status status="NOT RUN" starttime="20220505 08:42:51.087" endtime="20220505 08:42:51.089"/>
</if>
<if>
<branch type="IF" condition="&quot;${type}&quot;==&quot;start&quot;">
<kw name="Result Contains" library="variables">
<var>${bool_value}</var>
<arg>${text_result}</arg>
<arg>${text}</arg>
<status status="NOT RUN" starttime="20220505 08:42:51.089" endtime="20220505 08:42:51.089"/>
</kw>
<kw name="Log" library="BuiltIn">
<arg>${one}</arg>
<doc>Logs the given message with the given level.</doc>
<status status="NOT RUN" starttime="20220505 08:42:51.089" endtime="20220505 08:42:51.089"/>
</kw>
<kw name="Log" library="BuiltIn">
<arg>${text}</arg>
<doc>Logs the given message with the given level.</doc>
<status status="NOT RUN" starttime="20220505 08:42:51.090" endtime="20220505 08:42:51.090"/>
</kw>
<kw name="Log" library="BuiltIn">
<arg>${text_result}</arg>
<doc>Logs the given message with the given level.</doc>
<status status="NOT RUN" starttime="20220505 08:42:51.090" endtime="20220505 08:42:51.090"/>
</kw>
<if>
<branch type="IF" condition="${bool_value}">
<kw name="Evaluate" library="BuiltIn">
<var>${one}</var>
<arg>${one} + 1</arg>
<doc>Evaluates the given expression in Python and returns the result.</doc>
<status status="NOT RUN" starttime="20220505 08:42:51.090" endtime="20220505 08:42:51.090"/>
</kw>
<kw name="Continue For Loop" library="BuiltIn">
<doc>Skips the current FOR loop iteration and continues from the next.</doc>
<status status="NOT RUN" starttime="20220505 08:42:51.091" endtime="20220505 08:42:51.091"/>
</kw>
<status status="NOT RUN" starttime="20220505 08:42:51.090" endtime="20220505 08:42:51.091"/>
</branch>
<branch type="ELSE">
<kw name="Fail" library="BuiltIn">
<arg>Search result does not match the equals requirement</arg>
<doc>Fails the test with the given message and optionally alters its tags.</doc>
<status status="NOT RUN" starttime="20220505 08:42:51.091" endtime="20220505 08:42:51.091"/>
</kw>
<break>
<status status="NOT RUN" starttime="20220505 08:42:51.091" endtime="20220505 08:42:51.091"/>
</break>
<status status="NOT RUN" starttime="20220505 08:42:51.091" endtime="20220505 08:42:51.091"/>
</branch>
<status status="NOT RUN" starttime="20220505 08:42:51.090" endtime="20220505 08:42:51.091"/>
</if>
<kw name="Pass Execution" library="BuiltIn">
<arg>All results are equal to query</arg>
<doc>Skips rest of the current test, setup, or teardown with PASS status.</doc>
<status status="NOT RUN" starttime="20220505 08:42:51.091" endtime="20220505 08:42:51.091"/>
</kw>
<status status="NOT RUN" starttime="20220505 08:42:51.089" endtime="20220505 08:42:51.091"/>
</branch>
<status status="NOT RUN" starttime="20220505 08:42:51.089" endtime="20220505 08:42:51.091"/>
</if>
<if>
<branch type="IF" condition="&quot;${type}&quot;==&quot;end&quot;">
<kw name="Result Contains" library="variables">
<var>${bool_value}</var>
<arg>${text_result}</arg>
<arg>${text}</arg>
<status status="NOT RUN" starttime="20220505 08:42:51.092" endtime="20220505 08:42:51.092"/>
</kw>
<kw name="Log" library="BuiltIn">
<arg>${one}</arg>
<doc>Logs the given message with the given level.</doc>
<status status="NOT RUN" starttime="20220505 08:42:51.092" endtime="20220505 08:42:51.092"/>
</kw>
<kw name="Log" library="BuiltIn">
<arg>${text}</arg>
<doc>Logs the given message with the given level.</doc>
<status status="NOT RUN" starttime="20220505 08:42:51.092" endtime="20220505 08:42:51.092"/>
</kw>
<kw name="Log" library="BuiltIn">
<arg>${text_result}</arg>
<doc>Logs the given message with the given level.</doc>
<status status="NOT RUN" starttime="20220505 08:42:51.092" endtime="20220505 08:42:51.092"/>
</kw>
<if>
<branch type="IF" condition="${bool_value}">
<kw name="Evaluate" library="BuiltIn">
<var>${one}</var>
<arg>${one} + 1</arg>
<doc>Evaluates the given expression in Python and returns the result.</doc>
<status status="NOT RUN" starttime="20220505 08:42:51.093" endtime="20220505 08:42:51.093"/>
</kw>
<kw name="Continue For Loop" library="BuiltIn">
<doc>Skips the current FOR loop iteration and continues from the next.</doc>
<status status="NOT RUN" starttime="20220505 08:42:51.093" endtime="20220505 08:42:51.093"/>
</kw>
<status status="NOT RUN" starttime="20220505 08:42:51.092" endtime="20220505 08:42:51.093"/>
</branch>
<branch type="ELSE">
<kw name="Fail" library="BuiltIn">
<arg>Search result does not match the equals requirement</arg>
<doc>Fails the test with the given message and optionally alters its tags.</doc>
<status status="NOT RUN" starttime="20220505 08:42:51.093" endtime="20220505 08:42:51.093"/>
</kw>
<break>
<status status="NOT RUN" starttime="20220505 08:42:51.093" endtime="20220505 08:42:51.093"/>
</break>
<status status="NOT RUN" starttime="20220505 08:42:51.093" endtime="20220505 08:42:51.093"/>
</branch>
<status status="NOT RUN" starttime="20220505 08:42:51.092" endtime="20220505 08:42:51.093"/>
</if>
<kw name="Pass Execution" library="BuiltIn">
<arg>All results are equal to query</arg>
<doc>Skips rest of the current test, setup, or teardown with PASS status.</doc>
<status status="NOT RUN" starttime="20220505 08:42:51.093" endtime="20220505 08:42:51.093"/>
</kw>
<status status="NOT RUN" starttime="20220505 08:42:51.092" endtime="20220505 08:42:51.093"/>
</branch>
<status status="NOT RUN" starttime="20220505 08:42:51.091" endtime="20220505 08:42:51.093"/>
</if>
<status status="NOT RUN" starttime="20220505 08:42:51.084" endtime="20220505 08:42:51.094"/>
</iter>
<status status="NOT RUN" starttime="20220505 08:42:51.084" endtime="20220505 08:42:51.094"/>
</while>
<status status="PASS" starttime="20220505 08:42:51.077" endtime="20220505 08:42:51.094"/>
</branch>
<status status="PASS" starttime="20220505 08:42:51.076" endtime="20220505 08:42:51.094"/>
</if>
<status status="PASS" starttime="20220505 08:42:50.860" endtime="20220505 08:42:51.094"/>
</kw>
<kw name="Clear Element Text" library="SeleniumLibrary">
<arg>id:search_form:name</arg>
<doc>Clears the value of the text-input-element identified by ``locator``.</doc>
<status status="PASS" starttime="20220505 08:42:51.094" endtime="20220505 08:42:51.137"/>
</kw>
<kw name="Get Part Of String" library="variables">
<var>${text2}</var>
<arg>${text}</arg>
<arg>contains</arg>
<msg timestamp="20220505 08:42:51.138" level="INFO">11</msg>
<msg timestamp="20220505 08:42:51.138" level="INFO">${text2} = Bahr</msg>
<status status="PASS" starttime="20220505 08:42:51.137" endtime="20220505 08:42:51.138"/>
</kw>
<kw name="Input Text" library="SeleniumLibrary">
<arg>id:search_form:name</arg>
<arg>${text2}</arg>
<doc>Types the given ``text`` into the text field identified by ``locator``.</doc>
<msg timestamp="20220505 08:42:51.139" level="INFO">Typing text 'Bahr' into text field 'id:search_form:name'.</msg>
<status status="PASS" starttime="20220505 08:42:51.138" endtime="20220505 08:42:51.208"/>
</kw>
<kw name="Click Element" library="SeleniumLibrary">
<arg>xpath://select[@name='search_form:j_idt69']</arg>
<doc>Click the element identified by ``locator``.</doc>
<msg timestamp="20220505 08:42:51.209" level="INFO">Clicking element 'xpath://select[@name='search_form:j_idt69']'.</msg>
<status status="PASS" starttime="20220505 08:42:51.208" endtime="20220505 08:42:51.288"/>
</kw>
<kw name="Click Element" library="SeleniumLibrary">
<arg>xpath://option[text()='contains']</arg>
<doc>Click the element identified by ``locator``.</doc>
<msg timestamp="20220505 08:42:51.289" level="INFO">Clicking element 'xpath://option[text()='contains']'.</msg>
<status status="PASS" starttime="20220505 08:42:51.289" endtime="20220505 08:42:51.347"/>
</kw>
<kw name="Log" library="BuiltIn">
<arg>${text}</arg>
<doc>Logs the given message with the given level.</doc>
<msg timestamp="20220505 08:42:51.348" level="INFO">Bahrain1999</msg>
<status status="PASS" starttime="20220505 08:42:51.348" endtime="20220505 08:42:51.348"/>
</kw>
<kw name="Check response data" library="resources">
<arg>${text2}</arg>
<arg>contains</arg>
<kw name="Click Button" library="SeleniumLibrary">
<arg>xpath://input[@name='search_form:j_idt77']</arg>
<doc>Clicks the button identified by ``locator``.</doc>
<msg timestamp="20220505 08:42:51.349" level="INFO">Clicking button 'xpath://input[@name='search_form:j_idt77']'.</msg>
<status status="PASS" starttime="20220505 08:42:51.349" endtime="20220505 08:42:51.616"/>
</kw>
<kw name="Get Text" library="SeleniumLibrary">
<var>${no_result_text}</var>
<arg>xpath://*[@id="j_idt80_data"]//td[1]</arg>
<doc>Returns the text value of the element identified by ``locator``.</doc>
<msg timestamp="20220505 08:42:51.642" level="INFO">${no_result_text} = Bahrain1999</msg>
<status status="PASS" starttime="20220505 08:42:51.616" endtime="20220505 08:42:51.642"/>
</kw>
<if>
<branch type="IF" condition="&quot;${no_result_text}&quot;==&quot;No records found.&quot;">
<kw name="Fail" library="BuiltIn">
<arg>No results for created object</arg>
<doc>Fails the test with the given message and optionally alters its tags.</doc>
<status status="NOT RUN" starttime="20220505 08:42:51.642" endtime="20220505 08:42:51.642"/>
</kw>
<status status="NOT RUN" starttime="20220505 08:42:51.642" endtime="20220505 08:42:51.642"/>
</branch>
<branch type="ELSE">
<kw name="Get Element Count" library="SeleniumLibrary">
<var>${count_results}</var>
<arg>xpath://*[@id="j_idt80_data"]//td[1]</arg>
<doc>Returns the number of elements matching ``locator``.</doc>
<msg timestamp="20220505 08:42:51.649" level="INFO">${count_results} = 1</msg>
<status status="PASS" starttime="20220505 08:42:51.643" endtime="20220505 08:42:51.649"/>
</kw>
<while condition="${one} != ${count_results}">
<iter>
<kw name="Catenate" library="BuiltIn">
<var>${xpath_request}</var>
<arg>xpath:(//*[@id="j_idt80_data"]//td[1])[${one}]</arg>
<doc>Catenates the given items together and returns the resulted string.</doc>
<status status="NOT RUN" starttime="20220505 08:42:51.649" endtime="20220505 08:42:51.649"/>
</kw>
<kw name="Get Text" library="SeleniumLibrary">
<var>${text_result}</var>
<arg>${xpath_request}</arg>
<doc>Returns the text value of the element identified by ``locator``.</doc>
<status status="NOT RUN" starttime="20220505 08:42:51.650" endtime="20220505 08:42:51.650"/>
</kw>
<if>
<branch type="IF" condition="&quot;${type}&quot;==&quot;equals&quot;">
<kw name="Log" library="BuiltIn">
<arg>${one}</arg>
<doc>Logs the given message with the given level.</doc>
<status status="NOT RUN" starttime="20220505 08:42:51.650" endtime="20220505 08:42:51.650"/>
</kw>
<kw name="Log" library="BuiltIn">
<arg>${text}</arg>
<doc>Logs the given message with the given level.</doc>
<status status="NOT RUN" starttime="20220505 08:42:51.650" endtime="20220505 08:42:51.650"/>
</kw>
<kw name="Log" library="BuiltIn">
<arg>${text_result}</arg>
<doc>Logs the given message with the given level.</doc>
<status status="NOT RUN" starttime="20220505 08:42:51.650" endtime="20220505 08:42:51.650"/>
</kw>
<if>
<branch type="IF" condition="&quot;${text}&quot;==&quot;${text_result}&quot;">
<kw name="Evaluate" library="BuiltIn">
<var>${one}</var>
<arg>${one} + 1</arg>
<doc>Evaluates the given expression in Python and returns the result.</doc>
<status status="NOT RUN" starttime="20220505 08:42:51.650" endtime="20220505 08:42:51.650"/>
</kw>
<kw name="Continue For Loop" library="BuiltIn">
<doc>Skips the current FOR loop iteration and continues from the next.</doc>
<status status="NOT RUN" starttime="20220505 08:42:51.650" endtime="20220505 08:42:51.650"/>
</kw>
<status status="NOT RUN" starttime="20220505 08:42:51.650" endtime="20220505 08:42:51.650"/>
</branch>
<branch type="ELSE">
<kw name="Fail" library="BuiltIn">
<arg>Search result does not match the equals requirement</arg>
<doc>Fails the test with the given message and optionally alters its tags.</doc>
<status status="NOT RUN" starttime="20220505 08:42:51.651" endtime="20220505 08:42:51.651"/>
</kw>
<break>
<status status="NOT RUN" starttime="20220505 08:42:51.651" endtime="20220505 08:42:51.651"/>
</break>
<status status="NOT RUN" starttime="20220505 08:42:51.651" endtime="20220505 08:42:51.651"/>
</branch>
<status status="NOT RUN" starttime="20220505 08:42:51.650" endtime="20220505 08:42:51.651"/>
</if>
<kw name="Pass Execution" library="BuiltIn">
<arg>All results are equal to query</arg>
<doc>Skips rest of the current test, setup, or teardown with PASS status.</doc>
<status status="NOT RUN" starttime="20220505 08:42:51.651" endtime="20220505 08:42:51.651"/>
</kw>
<status status="NOT RUN" starttime="20220505 08:42:51.650" endtime="20220505 08:42:51.651"/>
</branch>
<status status="NOT RUN" starttime="20220505 08:42:51.650" endtime="20220505 08:42:51.651"/>
</if>
<if>
<branch type="IF" condition="&quot;${type}&quot;==&quot;contains&quot;">
<kw name="Result Contains" library="variables">
<var>${bool_value}</var>
<arg>${text_result}</arg>
<arg>${text}</arg>
<status status="NOT RUN" starttime="20220505 08:42:51.651" endtime="20220505 08:42:51.651"/>
</kw>
<kw name="Log" library="BuiltIn">
<arg>${one}</arg>
<doc>Logs the given message with the given level.</doc>
<status status="NOT RUN" starttime="20220505 08:42:51.651" endtime="20220505 08:42:51.651"/>
</kw>
<kw name="Log" library="BuiltIn">
<arg>${text}</arg>
<doc>Logs the given message with the given level.</doc>
<status status="NOT RUN" starttime="20220505 08:42:51.652" endtime="20220505 08:42:51.652"/>
</kw>
<kw name="Log" library="BuiltIn">
<arg>${text_result}</arg>
<doc>Logs the given message with the given level.</doc>
<status status="NOT RUN" starttime="20220505 08:42:51.652" endtime="20220505 08:42:51.652"/>
</kw>
<if>
<branch type="IF" condition="${bool_value}">
<kw name="Evaluate" library="BuiltIn">
<var>${one}</var>
<arg>${one} + 1</arg>
<doc>Evaluates the given expression in Python and returns the result.</doc>
<status status="NOT RUN" starttime="20220505 08:42:51.652" endtime="20220505 08:42:51.652"/>
</kw>
<kw name="Continue For Loop" library="BuiltIn">
<doc>Skips the current FOR loop iteration and continues from the next.</doc>
<status status="NOT RUN" starttime="20220505 08:42:51.652" endtime="20220505 08:42:51.652"/>
</kw>
<status status="NOT RUN" starttime="20220505 08:42:51.652" endtime="20220505 08:42:51.652"/>
</branch>
<branch type="ELSE">
<kw name="Fail" library="BuiltIn">
<arg>Search result does not match the equals requirement</arg>
<doc>Fails the test with the given message and optionally alters its tags.</doc>
<status status="NOT RUN" starttime="20220505 08:42:51.652" endtime="20220505 08:42:51.653"/>
</kw>
<break>
<status status="NOT RUN" starttime="20220505 08:42:51.653" endtime="20220505 08:42:51.653"/>
</break>
<status status="NOT RUN" starttime="20220505 08:42:51.652" endtime="20220505 08:42:51.653"/>
</branch>
<status status="NOT RUN" starttime="20220505 08:42:51.652" endtime="20220505 08:42:51.653"/>
</if>
<kw name="Pass Execution" library="BuiltIn">
<arg>All results are equal to query</arg>
<doc>Skips rest of the current test, setup, or teardown with PASS status.</doc>
<status status="NOT RUN" starttime="20220505 08:42:51.653" endtime="20220505 08:42:51.653"/>
</kw>
<status status="NOT RUN" starttime="20220505 08:42:51.651" endtime="20220505 08:42:51.653"/>
</branch>
<status status="NOT RUN" starttime="20220505 08:42:51.651" endtime="20220505 08:42:51.653"/>
</if>
<if>
<branch type="IF" condition="&quot;${type}&quot;==&quot;start&quot;">
<kw name="Result Contains" library="variables">
<var>${bool_value}</var>
<arg>${text_result}</arg>
<arg>${text}</arg>
<status status="NOT RUN" starttime="20220505 08:42:51.653" endtime="20220505 08:42:51.653"/>
</kw>
<kw name="Log" library="BuiltIn">
<arg>${one}</arg>
<doc>Logs the given message with the given level.</doc>
<status status="NOT RUN" starttime="20220505 08:42:51.653" endtime="20220505 08:42:51.653"/>
</kw>
<kw name="Log" library="BuiltIn">
<arg>${text}</arg>
<doc>Logs the given message with the given level.</doc>
<status status="NOT RUN" starttime="20220505 08:42:51.653" endtime="20220505 08:42:51.653"/>
</kw>
<kw name="Log" library="BuiltIn">
<arg>${text_result}</arg>
<doc>Logs the given message with the given level.</doc>
<status status="NOT RUN" starttime="20220505 08:42:51.653" endtime="20220505 08:42:51.654"/>
</kw>
<if>
<branch type="IF" condition="${bool_value}">
<kw name="Evaluate" library="BuiltIn">
<var>${one}</var>
<arg>${one} + 1</arg>
<doc>Evaluates the given expression in Python and returns the result.</doc>
<status status="NOT RUN" starttime="20220505 08:42:51.654" endtime="20220505 08:42:51.654"/>
</kw>
<kw name="Continue For Loop" library="BuiltIn">
<doc>Skips the current FOR loop iteration and continues from the next.</doc>
<status status="NOT RUN" starttime="20220505 08:42:51.654" endtime="20220505 08:42:51.654"/>
</kw>
<status status="NOT RUN" starttime="20220505 08:42:51.654" endtime="20220505 08:42:51.654"/>
</branch>
<branch type="ELSE">
<kw name="Fail" library="BuiltIn">
<arg>Search result does not match the equals requirement</arg>
<doc>Fails the test with the given message and optionally alters its tags.</doc>
<status status="NOT RUN" starttime="20220505 08:42:51.654" endtime="20220505 08:42:51.654"/>
</kw>
<break>
<status status="NOT RUN" starttime="20220505 08:42:51.654" endtime="20220505 08:42:51.654"/>
</break>
<status status="NOT RUN" starttime="20220505 08:42:51.654" endtime="20220505 08:42:51.654"/>
</branch>
<status status="NOT RUN" starttime="20220505 08:42:51.654" endtime="20220505 08:42:51.654"/>
</if>
<kw name="Pass Execution" library="BuiltIn">
<arg>All results are equal to query</arg>
<doc>Skips rest of the current test, setup, or teardown with PASS status.</doc>
<status status="NOT RUN" starttime="20220505 08:42:51.654" endtime="20220505 08:42:51.654"/>
</kw>
<status status="NOT RUN" starttime="20220505 08:42:51.653" endtime="20220505 08:42:51.655"/>
</branch>
<status status="NOT RUN" starttime="20220505 08:42:51.653" endtime="20220505 08:42:51.655"/>
</if>
<if>
<branch type="IF" condition="&quot;${type}&quot;==&quot;end&quot;">
<kw name="Result Contains" library="variables">
<var>${bool_value}</var>
<arg>${text_result}</arg>
<arg>${text}</arg>
<status status="NOT RUN" starttime="20220505 08:42:51.655" endtime="20220505 08:42:51.655"/>
</kw>
<kw name="Log" library="BuiltIn">
<arg>${one}</arg>
<doc>Logs the given message with the given level.</doc>
<status status="NOT RUN" starttime="20220505 08:42:51.655" endtime="20220505 08:42:51.655"/>
</kw>
<kw name="Log" library="BuiltIn">
<arg>${text}</arg>
<doc>Logs the given message with the given level.</doc>
<status status="NOT RUN" starttime="20220505 08:42:51.655" endtime="20220505 08:42:51.655"/>
</kw>
<kw name="Log" library="BuiltIn">
<arg>${text_result}</arg>
<doc>Logs the given message with the given level.</doc>
<status status="NOT RUN" starttime="20220505 08:42:51.655" endtime="20220505 08:42:51.655"/>
</kw>
<if>
<branch type="IF" condition="${bool_value}">
<kw name="Evaluate" library="BuiltIn">
<var>${one}</var>
<arg>${one} + 1</arg>
<doc>Evaluates the given expression in Python and returns the result.</doc>
<status status="NOT RUN" starttime="20220505 08:42:51.655" endtime="20220505 08:42:51.655"/>
</kw>
<kw name="Continue For Loop" library="BuiltIn">
<doc>Skips the current FOR loop iteration and continues from the next.</doc>
<status status="NOT RUN" starttime="20220505 08:42:51.655" endtime="20220505 08:42:51.656"/>
</kw>
<status status="NOT RUN" starttime="20220505 08:42:51.655" endtime="20220505 08:42:51.656"/>
</branch>
<branch type="ELSE">
<kw name="Fail" library="BuiltIn">
<arg>Search result does not match the equals requirement</arg>
<doc>Fails the test with the given message and optionally alters its tags.</doc>
<status status="NOT RUN" starttime="20220505 08:42:51.656" endtime="20220505 08:42:51.656"/>
</kw>
<break>
<status status="NOT RUN" starttime="20220505 08:42:51.656" endtime="20220505 08:42:51.656"/>
</break>
<status status="NOT RUN" starttime="20220505 08:42:51.656" endtime="20220505 08:42:51.656"/>
</branch>
<status status="NOT RUN" starttime="20220505 08:42:51.655" endtime="20220505 08:42:51.656"/>
</if>
<kw name="Pass Execution" library="BuiltIn">
<arg>All results are equal to query</arg>
<doc>Skips rest of the current test, setup, or teardown with PASS status.</doc>
<status status="NOT RUN" starttime="20220505 08:42:51.656" endtime="20220505 08:42:51.656"/>
</kw>
<status status="NOT RUN" starttime="20220505 08:42:51.655" endtime="20220505 08:42:51.656"/>
</branch>
<status status="NOT RUN" starttime="20220505 08:42:51.655" endtime="20220505 08:42:51.656"/>
</if>
<status status="NOT RUN" starttime="20220505 08:42:51.649" endtime="20220505 08:42:51.656"/>
</iter>
<status status="NOT RUN" starttime="20220505 08:42:51.649" endtime="20220505 08:42:51.656"/>
</while>
<status status="PASS" starttime="20220505 08:42:51.643" endtime="20220505 08:42:51.656"/>
</branch>
<status status="PASS" starttime="20220505 08:42:51.642" endtime="20220505 08:42:51.656"/>
</if>
<status status="PASS" starttime="20220505 08:42:51.348" endtime="20220505 08:42:51.656"/>
</kw>
<kw name="Clear Element Text" library="SeleniumLibrary">
<arg>id:search_form:name</arg>
<doc>Clears the value of the text-input-element identified by ``locator``.</doc>
<status status="PASS" starttime="20220505 08:42:51.657" endtime="20220505 08:42:51.699"/>
</kw>
<kw name="Get Part Of String" library="variables">
<var>${text2}</var>
<arg>${text}</arg>
<arg>start</arg>
<msg timestamp="20220505 08:42:51.699" level="INFO">11</msg>
<msg timestamp="20220505 08:42:51.699" level="INFO">${text2} = Bahra</msg>
<status status="PASS" starttime="20220505 08:42:51.699" endtime="20220505 08:42:51.699"/>
</kw>
<kw name="Input Text" library="SeleniumLibrary">
<arg>id:search_form:name</arg>
<arg>${text2}</arg>
<doc>Types the given ``text`` into the text field identified by ``locator``.</doc>
<msg timestamp="20220505 08:42:51.700" level="INFO">Typing text 'Bahra' into text field 'id:search_form:name'.</msg>
<status status="PASS" starttime="20220505 08:42:51.700" endtime="20220505 08:42:51.781"/>
</kw>
<kw name="Click Element" library="SeleniumLibrary">
<arg>xpath://select[@name='search_form:j_idt69']</arg>
<doc>Click the element identified by ``locator``.</doc>
<msg timestamp="20220505 08:42:51.782" level="INFO">Clicking element 'xpath://select[@name='search_form:j_idt69']'.</msg>
<status status="PASS" starttime="20220505 08:42:51.781" endtime="20220505 08:42:51.839"/>
</kw>
<kw name="Click Element" library="SeleniumLibrary">
<arg>xpath://option[text()='start with']</arg>
<doc>Click the element identified by ``locator``.</doc>
<msg timestamp="20220505 08:42:51.840" level="INFO">Clicking element 'xpath://option[text()='start with']'.</msg>
<status status="PASS" starttime="20220505 08:42:51.839" endtime="20220505 08:42:51.893"/>
</kw>
<kw name="Check response data" library="resources">
<arg>${text2}</arg>
<arg>start</arg>
<kw name="Click Button" library="SeleniumLibrary">
<arg>xpath://input[@name='search_form:j_idt77']</arg>
<doc>Clicks the button identified by ``locator``.</doc>
<msg timestamp="20220505 08:42:51.894" level="INFO">Clicking button 'xpath://input[@name='search_form:j_idt77']'.</msg>
<status status="PASS" starttime="20220505 08:42:51.894" endtime="20220505 08:42:52.068"/>
</kw>
<kw name="Get Text" library="SeleniumLibrary">
<var>${no_result_text}</var>
<arg>xpath://*[@id="j_idt80_data"]//td[1]</arg>
<doc>Returns the text value of the element identified by ``locator``.</doc>
<msg timestamp="20220505 08:42:52.098" level="INFO">${no_result_text} = Bahrain1999</msg>
<status status="PASS" starttime="20220505 08:42:52.069" endtime="20220505 08:42:52.098"/>
</kw>
<if>
<branch type="IF" condition="&quot;${no_result_text}&quot;==&quot;No records found.&quot;">
<kw name="Fail" library="BuiltIn">
<arg>No results for created object</arg>
<doc>Fails the test with the given message and optionally alters its tags.</doc>
<status status="NOT RUN" starttime="20220505 08:42:52.099" endtime="20220505 08:42:52.099"/>
</kw>
<status status="NOT RUN" starttime="20220505 08:42:52.099" endtime="20220505 08:42:52.099"/>
</branch>
<branch type="ELSE">
<kw name="Get Element Count" library="SeleniumLibrary">
<var>${count_results}</var>
<arg>xpath://*[@id="j_idt80_data"]//td[1]</arg>
<doc>Returns the number of elements matching ``locator``.</doc>
<msg timestamp="20220505 08:42:52.107" level="INFO">${count_results} = 1</msg>
<status status="PASS" starttime="20220505 08:42:52.099" endtime="20220505 08:42:52.107"/>
</kw>
<while condition="${one} != ${count_results}">
<iter>
<kw name="Catenate" library="BuiltIn">
<var>${xpath_request}</var>
<arg>xpath:(//*[@id="j_idt80_data"]//td[1])[${one}]</arg>
<doc>Catenates the given items together and returns the resulted string.</doc>
<status status="NOT RUN" starttime="20220505 08:42:52.108" endtime="20220505 08:42:52.108"/>
</kw>
<kw name="Get Text" library="SeleniumLibrary">
<var>${text_result}</var>
<arg>${xpath_request}</arg>
<doc>Returns the text value of the element identified by ``locator``.</doc>
<status status="NOT RUN" starttime="20220505 08:42:52.108" endtime="20220505 08:42:52.108"/>
</kw>
<if>
<branch type="IF" condition="&quot;${type}&quot;==&quot;equals&quot;">
<kw name="Log" library="BuiltIn">
<arg>${one}</arg>
<doc>Logs the given message with the given level.</doc>
<status status="NOT RUN" starttime="20220505 08:42:52.108" endtime="20220505 08:42:52.108"/>
</kw>
<kw name="Log" library="BuiltIn">
<arg>${text}</arg>
<doc>Logs the given message with the given level.</doc>
<status status="NOT RUN" starttime="20220505 08:42:52.108" endtime="20220505 08:42:52.108"/>
</kw>
<kw name="Log" library="BuiltIn">
<arg>${text_result}</arg>
<doc>Logs the given message with the given level.</doc>
<status status="NOT RUN" starttime="20220505 08:42:52.109" endtime="20220505 08:42:52.109"/>
</kw>
<if>
<branch type="IF" condition="&quot;${text}&quot;==&quot;${text_result}&quot;">
<kw name="Evaluate" library="BuiltIn">
<var>${one}</var>
<arg>${one} + 1</arg>
<doc>Evaluates the given expression in Python and returns the result.</doc>
<status status="NOT RUN" starttime="20220505 08:42:52.109" endtime="20220505 08:42:52.109"/>
</kw>
<kw name="Continue For Loop" library="BuiltIn">
<doc>Skips the current FOR loop iteration and continues from the next.</doc>
<status status="NOT RUN" starttime="20220505 08:42:52.109" endtime="20220505 08:42:52.109"/>
</kw>
<status status="NOT RUN" starttime="20220505 08:42:52.109" endtime="20220505 08:42:52.109"/>
</branch>
<branch type="ELSE">
<kw name="Fail" library="BuiltIn">
<arg>Search result does not match the equals requirement</arg>
<doc>Fails the test with the given message and optionally alters its tags.</doc>
<status status="NOT RUN" starttime="20220505 08:42:52.109" endtime="20220505 08:42:52.109"/>
</kw>
<break>
<status status="NOT RUN" starttime="20220505 08:42:52.109" endtime="20220505 08:42:52.110"/>
</break>
<status status="NOT RUN" starttime="20220505 08:42:52.109" endtime="20220505 08:42:52.110"/>
</branch>
<status status="NOT RUN" starttime="20220505 08:42:52.109" endtime="20220505 08:42:52.110"/>
</if>
<kw name="Pass Execution" library="BuiltIn">
<arg>All results are equal to query</arg>
<doc>Skips rest of the current test, setup, or teardown with PASS status.</doc>
<status status="NOT RUN" starttime="20220505 08:42:52.110" endtime="20220505 08:42:52.110"/>
</kw>
<status status="NOT RUN" starttime="20220505 08:42:52.108" endtime="20220505 08:42:52.110"/>
</branch>
<status status="NOT RUN" starttime="20220505 08:42:52.108" endtime="20220505 08:42:52.110"/>
</if>
<if>
<branch type="IF" condition="&quot;${type}&quot;==&quot;contains&quot;">
<kw name="Result Contains" library="variables">
<var>${bool_value}</var>
<arg>${text_result}</arg>
<arg>${text}</arg>
<status status="NOT RUN" starttime="20220505 08:42:52.110" endtime="20220505 08:42:52.110"/>
</kw>
<kw name="Log" library="BuiltIn">
<arg>${one}</arg>
<doc>Logs the given message with the given level.</doc>
<status status="NOT RUN" starttime="20220505 08:42:52.110" endtime="20220505 08:42:52.110"/>
</kw>
<kw name="Log" library="BuiltIn">
<arg>${text}</arg>
<doc>Logs the given message with the given level.</doc>
<status status="NOT RUN" starttime="20220505 08:42:52.111" endtime="20220505 08:42:52.111"/>
</kw>
<kw name="Log" library="BuiltIn">
<arg>${text_result}</arg>
<doc>Logs the given message with the given level.</doc>
<status status="NOT RUN" starttime="20220505 08:42:52.111" endtime="20220505 08:42:52.111"/>
</kw>
<if>
<branch type="IF" condition="${bool_value}">
<kw name="Evaluate" library="BuiltIn">
<var>${one}</var>
<arg>${one} + 1</arg>
<doc>Evaluates the given expression in Python and returns the result.</doc>
<status status="NOT RUN" starttime="20220505 08:42:52.111" endtime="20220505 08:42:52.111"/>
</kw>
<kw name="Continue For Loop" library="BuiltIn">
<doc>Skips the current FOR loop iteration and continues from the next.</doc>
<status status="NOT RUN" starttime="20220505 08:42:52.111" endtime="20220505 08:42:52.111"/>
</kw>
<status status="NOT RUN" starttime="20220505 08:42:52.111" endtime="20220505 08:42:52.111"/>
</branch>
<branch type="ELSE">
<kw name="Fail" library="BuiltIn">
<arg>Search result does not match the equals requirement</arg>
<doc>Fails the test with the given message and optionally alters its tags.</doc>
<status status="NOT RUN" starttime="20220505 08:42:52.111" endtime="20220505 08:42:52.112"/>
</kw>
<break>
<status status="NOT RUN" starttime="20220505 08:42:52.112" endtime="20220505 08:42:52.112"/>
</break>
<status status="NOT RUN" starttime="20220505 08:42:52.111" endtime="20220505 08:42:52.112"/>
</branch>
<status status="NOT RUN" starttime="20220505 08:42:52.111" endtime="20220505 08:42:52.112"/>
</if>
<kw name="Pass Execution" library="BuiltIn">
<arg>All results are equal to query</arg>
<doc>Skips rest of the current test, setup, or teardown with PASS status.</doc>
<status status="NOT RUN" starttime="20220505 08:42:52.112" endtime="20220505 08:42:52.112"/>
</kw>
<status status="NOT RUN" starttime="20220505 08:42:52.110" endtime="20220505 08:42:52.112"/>
</branch>
<status status="NOT RUN" starttime="20220505 08:42:52.110" endtime="20220505 08:42:52.112"/>
</if>
<if>
<branch type="IF" condition="&quot;${type}&quot;==&quot;start&quot;">
<kw name="Result Contains" library="variables">
<var>${bool_value}</var>
<arg>${text_result}</arg>
<arg>${text}</arg>
<status status="NOT RUN" starttime="20220505 08:42:52.112" endtime="20220505 08:42:52.112"/>
</kw>
<kw name="Log" library="BuiltIn">
<arg>${one}</arg>
<doc>Logs the given message with the given level.</doc>
<status status="NOT RUN" starttime="20220505 08:42:52.112" endtime="20220505 08:42:52.113"/>
</kw>
<kw name="Log" library="BuiltIn">
<arg>${text}</arg>
<doc>Logs the given message with the given level.</doc>
<status status="NOT RUN" starttime="20220505 08:42:52.113" endtime="20220505 08:42:52.113"/>
</kw>
<kw name="Log" library="BuiltIn">
<arg>${text_result}</arg>
<doc>Logs the given message with the given level.</doc>
<status status="NOT RUN" starttime="20220505 08:42:52.113" endtime="20220505 08:42:52.113"/>
</kw>
<if>
<branch type="IF" condition="${bool_value}">
<kw name="Evaluate" library="BuiltIn">
<var>${one}</var>
<arg>${one} + 1</arg>
<doc>Evaluates the given expression in Python and returns the result.</doc>
<status status="NOT RUN" starttime="20220505 08:42:52.113" endtime="20220505 08:42:52.113"/>
</kw>
<kw name="Continue For Loop" library="BuiltIn">
<doc>Skips the current FOR loop iteration and continues from the next.</doc>
<status status="NOT RUN" starttime="20220505 08:42:52.113" endtime="20220505 08:42:52.113"/>
</kw>
<status status="NOT RUN" starttime="20220505 08:42:52.113" endtime="20220505 08:42:52.113"/>
</branch>
<branch type="ELSE">
<kw name="Fail" library="BuiltIn">
<arg>Search result does not match the equals requirement</arg>
<doc>Fails the test with the given message and optionally alters its tags.</doc>
<status status="NOT RUN" starttime="20220505 08:42:52.114" endtime="20220505 08:42:52.114"/>
</kw>
<break>
<status status="NOT RUN" starttime="20220505 08:42:52.114" endtime="20220505 08:42:52.114"/>
</break>
<status status="NOT RUN" starttime="20220505 08:42:52.114" endtime="20220505 08:42:52.114"/>
</branch>
<status status="NOT RUN" starttime="20220505 08:42:52.113" endtime="20220505 08:42:52.114"/>
</if>
<kw name="Pass Execution" library="BuiltIn">
<arg>All results are equal to query</arg>
<doc>Skips rest of the current test, setup, or teardown with PASS status.</doc>
<status status="NOT RUN" starttime="20220505 08:42:52.114" endtime="20220505 08:42:52.114"/>
</kw>
<status status="NOT RUN" starttime="20220505 08:42:52.112" endtime="20220505 08:42:52.114"/>
</branch>
<status status="NOT RUN" starttime="20220505 08:42:52.112" endtime="20220505 08:42:52.114"/>
</if>
<if>
<branch type="IF" condition="&quot;${type}&quot;==&quot;end&quot;">
<kw name="Result Contains" library="variables">
<var>${bool_value}</var>
<arg>${text_result}</arg>
<arg>${text}</arg>
<status status="NOT RUN" starttime="20220505 08:42:52.114" endtime="20220505 08:42:52.114"/>
</kw>
<kw name="Log" library="BuiltIn">
<arg>${one}</arg>
<doc>Logs the given message with the given level.</doc>
<status status="NOT RUN" starttime="20220505 08:42:52.115" endtime="20220505 08:42:52.115"/>
</kw>
<kw name="Log" library="BuiltIn">
<arg>${text}</arg>
<doc>Logs the given message with the given level.</doc>
<status status="NOT RUN" starttime="20220505 08:42:52.115" endtime="20220505 08:42:52.115"/>
</kw>
<kw name="Log" library="BuiltIn">
<arg>${text_result}</arg>
<doc>Logs the given message with the given level.</doc>
<status status="NOT RUN" starttime="20220505 08:42:52.115" endtime="20220505 08:42:52.115"/>
</kw>
<if>
<branch type="IF" condition="${bool_value}">
<kw name="Evaluate" library="BuiltIn">
<var>${one}</var>
<arg>${one} + 1</arg>
<doc>Evaluates the given expression in Python and returns the result.</doc>
<status status="NOT RUN" starttime="20220505 08:42:52.115" endtime="20220505 08:42:52.115"/>
</kw>
<kw name="Continue For Loop" library="BuiltIn">
<doc>Skips the current FOR loop iteration and continues from the next.</doc>
<status status="NOT RUN" starttime="20220505 08:42:52.116" endtime="20220505 08:42:52.116"/>
</kw>
<status status="NOT RUN" starttime="20220505 08:42:52.115" endtime="20220505 08:42:52.116"/>
</branch>
<branch type="ELSE">
<kw name="Fail" library="BuiltIn">
<arg>Search result does not match the equals requirement</arg>
<doc>Fails the test with the given message and optionally alters its tags.</doc>
<status status="NOT RUN" starttime="20220505 08:42:52.116" endtime="20220505 08:42:52.116"/>
</kw>
<break>
<status status="NOT RUN" starttime="20220505 08:42:52.116" endtime="20220505 08:42:52.116"/>
</break>
<status status="NOT RUN" starttime="20220505 08:42:52.116" endtime="20220505 08:42:52.116"/>
</branch>
<status status="NOT RUN" starttime="20220505 08:42:52.115" endtime="20220505 08:42:52.116"/>
</if>
<kw name="Pass Execution" library="BuiltIn">
<arg>All results are equal to query</arg>
<doc>Skips rest of the current test, setup, or teardown with PASS status.</doc>
<status status="NOT RUN" starttime="20220505 08:42:52.116" endtime="20220505 08:42:52.116"/>
</kw>
<status status="NOT RUN" starttime="20220505 08:42:52.114" endtime="20220505 08:42:52.116"/>
</branch>
<status status="NOT RUN" starttime="20220505 08:42:52.114" endtime="20220505 08:42:52.116"/>
</if>
<status status="NOT RUN" starttime="20220505 08:42:52.107" endtime="20220505 08:42:52.116"/>
</iter>
<status status="NOT RUN" starttime="20220505 08:42:52.107" endtime="20220505 08:42:52.116"/>
</while>
<status status="PASS" starttime="20220505 08:42:52.099" endtime="20220505 08:42:52.116"/>
</branch>
<status status="PASS" starttime="20220505 08:42:52.098" endtime="20220505 08:42:52.117"/>
</if>
<status status="PASS" starttime="20220505 08:42:51.893" endtime="20220505 08:42:52.117"/>
</kw>
<kw name="Clear Element Text" library="SeleniumLibrary">
<arg>id:search_form:name</arg>
<doc>Clears the value of the text-input-element identified by ``locator``.</doc>
<status status="PASS" starttime="20220505 08:42:52.117" endtime="20220505 08:42:52.165"/>
</kw>
<kw name="Get Part Of String" library="variables">
<var>${text2}</var>
<arg>${text}</arg>
<arg>end</arg>
<msg timestamp="20220505 08:42:52.166" level="INFO">11</msg>
<msg timestamp="20220505 08:42:52.166" level="INFO">${text2} = in199</msg>
<status status="PASS" starttime="20220505 08:42:52.165" endtime="20220505 08:42:52.166"/>
</kw>
<kw name="Input Text" library="SeleniumLibrary">
<arg>id:search_form:name</arg>
<arg>${text2}</arg>
<doc>Types the given ``text`` into the text field identified by ``locator``.</doc>
<msg timestamp="20220505 08:42:52.167" level="INFO">Typing text 'in199' into text field 'id:search_form:name'.</msg>
<status status="PASS" starttime="20220505 08:42:52.166" endtime="20220505 08:42:52.244"/>
</kw>
<kw name="Click Element" library="SeleniumLibrary">
<arg>xpath://select[@name='search_form:j_idt69']</arg>
<doc>Click the element identified by ``locator``.</doc>
<msg timestamp="20220505 08:42:52.244" level="INFO">Clicking element 'xpath://select[@name='search_form:j_idt69']'.</msg>
<status status="PASS" starttime="20220505 08:42:52.244" endtime="20220505 08:42:52.312"/>
</kw>
<kw name="Click Element" library="SeleniumLibrary">
<arg>xpath://option[text()='end with']</arg>
<doc>Click the element identified by ``locator``.</doc>
<msg timestamp="20220505 08:42:52.314" level="INFO">Clicking element 'xpath://option[text()='end with']'.</msg>
<status status="PASS" starttime="20220505 08:42:52.313" endtime="20220505 08:42:52.364"/>
</kw>
<kw name="Check response data" library="resources">
<arg>${text2}</arg>
<arg>end</arg>
<kw name="Click Button" library="SeleniumLibrary">
<arg>xpath://input[@name='search_form:j_idt77']</arg>
<doc>Clicks the button identified by ``locator``.</doc>
<msg timestamp="20220505 08:42:52.365" level="INFO">Clicking button 'xpath://input[@name='search_form:j_idt77']'.</msg>
<status status="PASS" starttime="20220505 08:42:52.365" endtime="20220505 08:42:52.718"/>
</kw>
<kw name="Get Text" library="SeleniumLibrary">
<var>${no_result_text}</var>
<arg>xpath://*[@id="j_idt80_data"]//td[1]</arg>
<doc>Returns the text value of the element identified by ``locator``.</doc>
<msg timestamp="20220505 08:42:52.743" level="INFO">${no_result_text} = No records found.</msg>
<status status="PASS" starttime="20220505 08:42:52.719" endtime="20220505 08:42:52.743"/>
</kw>
<if>
<branch type="IF" condition="&quot;${no_result_text}&quot;==&quot;No records found.&quot;">
<kw name="Fail" library="BuiltIn">
<arg>No results for created object</arg>
<doc>Fails the test with the given message and optionally alters its tags.</doc>
<msg timestamp="20220505 08:42:52.746" level="FAIL">No results for created object</msg>
<status status="FAIL" starttime="20220505 08:42:52.743" endtime="20220505 08:42:52.746"/>
</kw>
<status status="FAIL" starttime="20220505 08:42:52.743" endtime="20220505 08:42:52.746"/>
</branch>
<branch type="ELSE">
<kw name="Get Element Count" library="SeleniumLibrary">
<var>${count_results}</var>
<arg>xpath://*[@id="j_idt80_data"]//td[1]</arg>
<doc>Returns the number of elements matching ``locator``.</doc>
<status status="NOT RUN" starttime="20220505 08:42:52.747" endtime="20220505 08:42:52.747"/>
</kw>
<while condition="${one} != ${count_results}">
<iter>
<kw name="Catenate" library="BuiltIn">
<var>${xpath_request}</var>
<arg>xpath:(//*[@id="j_idt80_data"]//td[1])[${one}]</arg>
<doc>Catenates the given items together and returns the resulted string.</doc>
<status status="NOT RUN" starttime="20220505 08:42:52.747" endtime="20220505 08:42:52.747"/>
</kw>
<kw name="Get Text" library="SeleniumLibrary">
<var>${text_result}</var>
<arg>${xpath_request}</arg>
<doc>Returns the text value of the element identified by ``locator``.</doc>
<status status="NOT RUN" starttime="20220505 08:42:52.748" endtime="20220505 08:42:52.748"/>
</kw>
<if>
<branch type="IF" condition="&quot;${type}&quot;==&quot;equals&quot;">
<kw name="Log" library="BuiltIn">
<arg>${one}</arg>
<doc>Logs the given message with the given level.</doc>
<status status="NOT RUN" starttime="20220505 08:42:52.748" endtime="20220505 08:42:52.748"/>
</kw>
<kw name="Log" library="BuiltIn">
<arg>${text}</arg>
<doc>Logs the given message with the given level.</doc>
<status status="NOT RUN" starttime="20220505 08:42:52.748" endtime="20220505 08:42:52.748"/>
</kw>
<kw name="Log" library="BuiltIn">
<arg>${text_result}</arg>
<doc>Logs the given message with the given level.</doc>
<status status="NOT RUN" starttime="20220505 08:42:52.749" endtime="20220505 08:42:52.749"/>
</kw>
<if>
<branch type="IF" condition="&quot;${text}&quot;==&quot;${text_result}&quot;">
<kw name="Evaluate" library="BuiltIn">
<var>${one}</var>
<arg>${one} + 1</arg>
<doc>Evaluates the given expression in Python and returns the result.</doc>
<status status="NOT RUN" starttime="20220505 08:42:52.749" endtime="20220505 08:42:52.749"/>
</kw>
<kw name="Continue For Loop" library="BuiltIn">
<doc>Skips the current FOR loop iteration and continues from the next.</doc>
<status status="NOT RUN" starttime="20220505 08:42:52.749" endtime="20220505 08:42:52.749"/>
</kw>
<status status="NOT RUN" starttime="20220505 08:42:52.749" endtime="20220505 08:42:52.749"/>
</branch>
<branch type="ELSE">
<kw name="Fail" library="BuiltIn">
<arg>Search result does not match the equals requirement</arg>
<doc>Fails the test with the given message and optionally alters its tags.</doc>
<status status="NOT RUN" starttime="20220505 08:42:52.750" endtime="20220505 08:42:52.750"/>
</kw>
<break>
<status status="NOT RUN" starttime="20220505 08:42:52.750" endtime="20220505 08:42:52.750"/>
</break>
<status status="NOT RUN" starttime="20220505 08:42:52.749" endtime="20220505 08:42:52.750"/>
</branch>
<status status="NOT RUN" starttime="20220505 08:42:52.749" endtime="20220505 08:42:52.750"/>
</if>
<kw name="Pass Execution" library="BuiltIn">
<arg>All results are equal to query</arg>
<doc>Skips rest of the current test, setup, or teardown with PASS status.</doc>
<status status="NOT RUN" starttime="20220505 08:42:52.750" endtime="20220505 08:42:52.750"/>
</kw>
<status status="NOT RUN" starttime="20220505 08:42:52.748" endtime="20220505 08:42:52.750"/>
</branch>
<status status="NOT RUN" starttime="20220505 08:42:52.748" endtime="20220505 08:42:52.751"/>
</if>
<if>
<branch type="IF" condition="&quot;${type}&quot;==&quot;contains&quot;">
<kw name="Result Contains" library="variables">
<var>${bool_value}</var>
<arg>${text_result}</arg>
<arg>${text}</arg>
<status status="NOT RUN" starttime="20220505 08:42:52.751" endtime="20220505 08:42:52.751"/>
</kw>
<kw name="Log" library="BuiltIn">
<arg>${one}</arg>
<doc>Logs the given message with the given level.</doc>
<status status="NOT RUN" starttime="20220505 08:42:52.751" endtime="20220505 08:42:52.751"/>
</kw>
<kw name="Log" library="BuiltIn">
<arg>${text}</arg>
<doc>Logs the given message with the given level.</doc>
<status status="NOT RUN" starttime="20220505 08:42:52.751" endtime="20220505 08:42:52.751"/>
</kw>
<kw name="Log" library="BuiltIn">
<arg>${text_result}</arg>
<doc>Logs the given message with the given level.</doc>
<status status="NOT RUN" starttime="20220505 08:42:52.751" endtime="20220505 08:42:52.751"/>
</kw>
<if>
<branch type="IF" condition="${bool_value}">
<kw name="Evaluate" library="BuiltIn">
<var>${one}</var>
<arg>${one} + 1</arg>
<doc>Evaluates the given expression in Python and returns the result.</doc>
<status status="NOT RUN" starttime="20220505 08:42:52.751" endtime="20220505 08:42:52.751"/>
</kw>
<kw name="Continue For Loop" library="BuiltIn">
<doc>Skips the current FOR loop iteration and continues from the next.</doc>
<status status="NOT RUN" starttime="20220505 08:42:52.751" endtime="20220505 08:42:52.751"/>
</kw>
<status status="NOT RUN" starttime="20220505 08:42:52.751" endtime="20220505 08:42:52.751"/>
</branch>
<branch type="ELSE">
<kw name="Fail" library="BuiltIn">
<arg>Search result does not match the equals requirement</arg>
<doc>Fails the test with the given message and optionally alters its tags.</doc>
<status status="NOT RUN" starttime="20220505 08:42:52.752" endtime="20220505 08:42:52.752"/>
</kw>
<break>
<status status="NOT RUN" starttime="20220505 08:42:52.752" endtime="20220505 08:42:52.752"/>
</break>
<status status="NOT RUN" starttime="20220505 08:42:52.751" endtime="20220505 08:42:52.752"/>
</branch>
<status status="NOT RUN" starttime="20220505 08:42:52.751" endtime="20220505 08:42:52.752"/>
</if>
<kw name="Pass Execution" library="BuiltIn">
<arg>All results are equal to query</arg>
<doc>Skips rest of the current test, setup, or teardown with PASS status.</doc>
<status status="NOT RUN" starttime="20220505 08:42:52.752" endtime="20220505 08:42:52.752"/>
</kw>
<status status="NOT RUN" starttime="20220505 08:42:52.751" endtime="20220505 08:42:52.752"/>
</branch>
<status status="NOT RUN" starttime="20220505 08:42:52.751" endtime="20220505 08:42:52.752"/>
</if>
<if>
<branch type="IF" condition="&quot;${type}&quot;==&quot;start&quot;">
<kw name="Result Contains" library="variables">
<var>${bool_value}</var>
<arg>${text_result}</arg>
<arg>${text}</arg>
<status status="NOT RUN" starttime="20220505 08:42:52.752" endtime="20220505 08:42:52.752"/>
</kw>
<kw name="Log" library="BuiltIn">
<arg>${one}</arg>
<doc>Logs the given message with the given level.</doc>
<status status="NOT RUN" starttime="20220505 08:42:52.752" endtime="20220505 08:42:52.752"/>
</kw>
<kw name="Log" library="BuiltIn">
<arg>${text}</arg>
<doc>Logs the given message with the given level.</doc>
<status status="NOT RUN" starttime="20220505 08:42:52.752" endtime="20220505 08:42:52.752"/>
</kw>
<kw name="Log" library="BuiltIn">
<arg>${text_result}</arg>
<doc>Logs the given message with the given level.</doc>
<status status="NOT RUN" starttime="20220505 08:42:52.752" endtime="20220505 08:42:52.752"/>
</kw>
<if>
<branch type="IF" condition="${bool_value}">
<kw name="Evaluate" library="BuiltIn">
<var>${one}</var>
<arg>${one} + 1</arg>
<doc>Evaluates the given expression in Python and returns the result.</doc>
<status status="NOT RUN" starttime="20220505 08:42:52.752" endtime="20220505 08:42:52.753"/>
</kw>
<kw name="Continue For Loop" library="BuiltIn">
<doc>Skips the current FOR loop iteration and continues from the next.</doc>
<status status="NOT RUN" starttime="20220505 08:42:52.753" endtime="20220505 08:42:52.753"/>
</kw>
<status status="NOT RUN" starttime="20220505 08:42:52.752" endtime="20220505 08:42:52.753"/>
</branch>
<branch type="ELSE">
<kw name="Fail" library="BuiltIn">
<arg>Search result does not match the equals requirement</arg>
<doc>Fails the test with the given message and optionally alters its tags.</doc>
<status status="NOT RUN" starttime="20220505 08:42:52.753" endtime="20220505 08:42:52.753"/>
</kw>
<break>
<status status="NOT RUN" starttime="20220505 08:42:52.753" endtime="20220505 08:42:52.753"/>
</break>
<status status="NOT RUN" starttime="20220505 08:42:52.753" endtime="20220505 08:42:52.753"/>
</branch>
<status status="NOT RUN" starttime="20220505 08:42:52.752" endtime="20220505 08:42:52.753"/>
</if>
<kw name="Pass Execution" library="BuiltIn">
<arg>All results are equal to query</arg>
<doc>Skips rest of the current test, setup, or teardown with PASS status.</doc>
<status status="NOT RUN" starttime="20220505 08:42:52.753" endtime="20220505 08:42:52.753"/>
</kw>
<status status="NOT RUN" starttime="20220505 08:42:52.752" endtime="20220505 08:42:52.753"/>
</branch>
<status status="NOT RUN" starttime="20220505 08:42:52.752" endtime="20220505 08:42:52.753"/>
</if>
<if>
<branch type="IF" condition="&quot;${type}&quot;==&quot;end&quot;">
<kw name="Result Contains" library="variables">
<var>${bool_value}</var>
<arg>${text_result}</arg>
<arg>${text}</arg>
<status status="NOT RUN" starttime="20220505 08:42:52.753" endtime="20220505 08:42:52.753"/>
</kw>
<kw name="Log" library="BuiltIn">
<arg>${one}</arg>
<doc>Logs the given message with the given level.</doc>
<status status="NOT RUN" starttime="20220505 08:42:52.753" endtime="20220505 08:42:52.753"/>
</kw>
<kw name="Log" library="BuiltIn">
<arg>${text}</arg>
<doc>Logs the given message with the given level.</doc>
<status status="NOT RUN" starttime="20220505 08:42:52.753" endtime="20220505 08:42:52.753"/>
</kw>
<kw name="Log" library="BuiltIn">
<arg>${text_result}</arg>
<doc>Logs the given message with the given level.</doc>
<status status="NOT RUN" starttime="20220505 08:42:52.754" endtime="20220505 08:42:52.754"/>
</kw>
<if>
<branch type="IF" condition="${bool_value}">
<kw name="Evaluate" library="BuiltIn">
<var>${one}</var>
<arg>${one} + 1</arg>
<doc>Evaluates the given expression in Python and returns the result.</doc>
<status status="NOT RUN" starttime="20220505 08:42:52.754" endtime="20220505 08:42:52.754"/>
</kw>
<kw name="Continue For Loop" library="BuiltIn">
<doc>Skips the current FOR loop iteration and continues from the next.</doc>
<status status="NOT RUN" starttime="20220505 08:42:52.754" endtime="20220505 08:42:52.754"/>
</kw>
<status status="NOT RUN" starttime="20220505 08:42:52.754" endtime="20220505 08:42:52.754"/>
</branch>
<branch type="ELSE">
<kw name="Fail" library="BuiltIn">
<arg>Search result does not match the equals requirement</arg>
<doc>Fails the test with the given message and optionally alters its tags.</doc>
<status status="NOT RUN" starttime="20220505 08:42:52.754" endtime="20220505 08:42:52.754"/>
</kw>
<break>
<status status="NOT RUN" starttime="20220505 08:42:52.754" endtime="20220505 08:42:52.754"/>
</break>
<status status="NOT RUN" starttime="20220505 08:42:52.754" endtime="20220505 08:42:52.754"/>
</branch>
<status status="NOT RUN" starttime="20220505 08:42:52.754" endtime="20220505 08:42:52.754"/>
</if>
<kw name="Pass Execution" library="BuiltIn">
<arg>All results are equal to query</arg>
<doc>Skips rest of the current test, setup, or teardown with PASS status.</doc>
<status status="NOT RUN" starttime="20220505 08:42:52.754" endtime="20220505 08:42:52.754"/>
</kw>
<status status="NOT RUN" starttime="20220505 08:42:52.753" endtime="20220505 08:42:52.754"/>
</branch>
<status status="NOT RUN" starttime="20220505 08:42:52.753" endtime="20220505 08:42:52.754"/>
</if>
<status status="NOT RUN" starttime="20220505 08:42:52.747" endtime="20220505 08:42:52.754"/>
</iter>
<status status="NOT RUN" starttime="20220505 08:42:52.747" endtime="20220505 08:42:52.754"/>
</while>
<status status="NOT RUN" starttime="20220505 08:42:52.747" endtime="20220505 08:42:52.754"/>
</branch>
<status status="FAIL" starttime="20220505 08:42:52.743" endtime="20220505 08:42:52.754"/>
</if>
<status status="FAIL" starttime="20220505 08:42:52.364" endtime="20220505 08:42:52.755"/>
</kw>
<status status="FAIL" starttime="20220505 08:42:48.940" endtime="20220505 08:42:52.756"/>
</kw>
<status status="FAIL" starttime="20220505 08:42:45.926" endtime="20220505 08:42:52.756">No results for created object</status>
</test>
<status status="FAIL" starttime="20220505 08:42:45.748" endtime="20220505 08:42:52.757"/>
</suite>
<status status="FAIL" starttime="20220505 08:42:45.746" endtime="20220505 08:42:52.758"/>
</suite>
<status status="FAIL" starttime="20220505 08:42:45.727" endtime="20220505 08:42:52.759"/>
</suite>
<statistics>
<total>
<stat pass="0" fail="1" skip="0">All Tests</stat>
</total>
<tag>
</tag>
<suite>
<stat pass="0" fail="1" skip="0" id="s1" name="Tretyakov Sergey Final Practice">Tretyakov Sergey Final Practice</stat>
<stat pass="0" fail="1" skip="0" id="s1-s1" name="Test Cases">Tretyakov Sergey Final Practice.Test Cases</stat>
<stat pass="0" fail="1" skip="0" id="s1-s1-s1" name="Test Cases">Tretyakov Sergey Final Practice.Test Cases.Test Cases</stat>
</suite>
</statistics>
<errors>
</errors>
</robot>
